[2021-10-10 22:28:51] production.INFO: 0  
[2021-10-10 22:28:51] production.INFO: ,"itemListElement"  
[2021-10-10 22:28:51] production.INFO: 1  
[2021-10-10 22:28:51] production.INFO: [{"@type"  
[2021-10-10 22:28:51] production.INFO: 2  
[2021-10-10 22:28:51] production.INFO: "Product","name"  
[2021-10-10 22:28:51] production.INFO: 3  
[2021-10-10 22:28:51] production.INFO: "Smart TV Led 32'' LG 32LM625 HD Thinq AI Conversor Digital Integrado 3 HDMI 2 USB Wi-Fi","image"  
[2021-10-10 22:28:51] production.INFO: 4  
[2021-10-10 22:28:51] production.INFO: "https  
[2021-10-10 22:28:51] production.INFO: 5  
[2021-10-10 22:28:51] production.INFO: //images-submarino.b2w.io/produtos/01/00/img7/01/00/item/134444/7/134444782_1GG.jpg","aggregateRating"  
[2021-10-10 22:28:51] production.INFO: 6  
[2021-10-10 22:28:51] production.INFO: {"@type"  
[2021-10-10 22:28:51] production.INFO: 7  
[2021-10-10 22:28:51] production.INFO: "AggregateRating","bestRating"  
[2021-10-10 22:28:51] production.INFO: 8  
[2021-10-10 22:28:51] production.INFO: "5","ratingCount"  
[2021-10-10 22:28:51] production.INFO: 9  
[2021-10-10 22:28:51] production.INFO: "69","ratingValue"  
[2021-10-10 22:28:51] production.INFO: 10  
[2021-10-10 22:28:51] production.INFO: "4.478261","worstRating"  
[2021-10-10 22:28:51] production.INFO: 11  
[2021-10-10 22:28:51] production.INFO: "1"},"offers"  
[2021-10-10 22:28:51] production.INFO: 12  
[2021-10-10 22:28:51] production.INFO: {"@type"  
[2021-10-10 22:28:51] production.INFO: 13  
[2021-10-10 22:28:51] production.INFO: "AggregateOffer","lowPrice"  
[2021-10-10 22:28:51] production.INFO: 14  
[2021-10-10 22:28:51] production.INFO: "1664.91","priceCurrency"  
[2021-10-10 22:28:51] production.INFO: 15  
[2021-10-10 22:28:51] production.INFO: "BRL","offerCount"  
[2021-10-10 22:28:51] production.INFO: 16  
[2021-10-10 22:28:51] production.INFO: "6"  
[2021-10-10 22:28:51] production.INFO: 0  
[2021-10-10 22:28:51] production.INFO: ,{"@type"  
[2021-10-10 22:28:51] production.INFO: 1  
[2021-10-10 22:28:51] production.INFO: "Product","name"  
[2021-10-10 22:28:51] production.INFO: 2  
[2021-10-10 22:28:51] production.INFO: "Samsung Smart Tv 65\" Qled 4k 65q80a, Modo Game, Processador Ia, Som Em Movimento, Tela Sem Limites.","image"  
[2021-10-10 22:28:51] production.INFO: 3  
[2021-10-10 22:28:51] production.INFO: "https  
[2021-10-10 22:28:51] production.INFO: 4  
[2021-10-10 22:28:51] production.INFO: //images-submarino.b2w.io/produtos/01/00/img/3060873/4/3060873479_1GG.jpg","offers"  
[2021-10-10 22:28:51] production.INFO: 5  
[2021-10-10 22:28:51] production.INFO: {"@type"  
[2021-10-10 22:28:51] production.INFO: 6  
[2021-10-10 22:28:51] production.INFO: "AggregateOffer","lowPrice"  
[2021-10-10 22:28:51] production.INFO: 7  
[2021-10-10 22:28:51] production.INFO: "7314.99","priceCurrency"  
[2021-10-10 22:28:51] production.INFO: 8  
[2021-10-10 22:28:51] production.INFO: "BRL","offerCount"  
[2021-10-10 22:28:51] production.INFO: 9  
[2021-10-10 22:28:51] production.INFO: "3"  
[2021-10-10 22:28:51] production.INFO: 0  
[2021-10-10 22:28:51] production.INFO: ,{"@type"  
[2021-10-10 22:28:51] production.INFO: 1  
[2021-10-10 22:28:51] production.INFO: "Product","name"  
[2021-10-10 22:28:51] production.INFO: 2  
[2021-10-10 22:28:51] production.INFO: "Smart TV LED 65” LG 65UP7750 4K UHD Wi-Fi Bluetooth HDR Inteligência Artificial Thinq Smart Magic Google Alexa","image"  
[2021-10-10 22:28:51] production.INFO: 3  
[2021-10-10 22:28:51] production.INFO: "https  
[2021-10-10 22:28:51] production.INFO: 4  
[2021-10-10 22:28:51] production.INFO: //images-submarino.b2w.io/produtos/01/00/img/3397040/6/3397040632_1GG.jpg","offers"  
[2021-10-10 22:28:51] production.INFO: 5  
[2021-10-10 22:28:51] production.INFO: {"@type"  
[2021-10-10 22:28:51] production.INFO: 6  
[2021-10-10 22:28:51] production.INFO: "AggregateOffer","lowPrice"  
[2021-10-10 22:28:51] production.INFO: 7  
[2021-10-10 22:28:51] production.INFO: "4274.99","priceCurrency"  
[2021-10-10 22:28:51] production.INFO: 8  
[2021-10-10 22:28:51] production.INFO: "BRL","offerCount"  
[2021-10-10 22:28:51] production.INFO: 9  
[2021-10-10 22:28:51] production.INFO: "3"  
[2021-10-10 22:28:51] production.INFO: 0  
[2021-10-10 22:28:51] production.INFO: ,{"@type"  
[2021-10-10 22:28:51] production.INFO: 1  
[2021-10-10 22:28:51] production.INFO: "Product","name"  
[2021-10-10 22:28:51] production.INFO: 2  
[2021-10-10 22:28:51] production.INFO: "Samsung Smart Tv 75\" Crystal Uhd 4k 75au8000, Painel Dynamic Crystal Color, Design Slim, Tela Sem Limites.","image"  
[2021-10-10 22:28:51] production.INFO: 3  
[2021-10-10 22:28:51] production.INFO: "https  
[2021-10-10 22:28:51] production.INFO: 4  
[2021-10-10 22:28:51] production.INFO: //images-submarino.b2w.io/produtos/01/00/img/3069509/5/3069509500_1GG.jpg","aggregateRating"  
[2021-10-10 22:28:51] production.INFO: 5  
[2021-10-10 22:28:51] production.INFO: {"@type"  
[2021-10-10 22:28:51] production.INFO: 6  
[2021-10-10 22:28:51] production.INFO: "AggregateRating","bestRating"  
[2021-10-10 22:28:51] production.INFO: 7  
[2021-10-10 22:28:51] production.INFO: "5","ratingCount"  
[2021-10-10 22:28:51] production.INFO: 8  
[2021-10-10 22:28:51] production.INFO: "1","ratingValue"  
[2021-10-10 22:28:51] production.INFO: 9  
[2021-10-10 22:28:51] production.INFO: "5","worstRating"  
[2021-10-10 22:28:51] production.INFO: 10  
[2021-10-10 22:28:51] production.INFO: "1"},"offers"  
[2021-10-10 22:28:51] production.INFO: 11  
[2021-10-10 22:28:51] production.INFO: {"@type"  
[2021-10-10 22:28:51] production.INFO: 12  
[2021-10-10 22:28:51] production.INFO: "AggregateOffer","lowPrice"  
[2021-10-10 22:28:51] production.INFO: 13  
[2021-10-10 22:28:51] production.INFO: "7029.99","priceCurrency"  
[2021-10-10 22:28:51] production.INFO: 14  
[2021-10-10 22:28:51] production.INFO: "BRL","offerCount"  
[2021-10-10 22:28:51] production.INFO: 15  
[2021-10-10 22:28:51] production.INFO: "3"  
[2021-10-10 22:28:51] production.INFO: 0  
[2021-10-10 22:28:51] production.INFO: ,{"@type"  
[2021-10-10 22:28:51] production.INFO: 1  
[2021-10-10 22:28:51] production.INFO: "Product","name"  
[2021-10-10 22:28:51] production.INFO: 2  
[2021-10-10 22:28:51] production.INFO: "Smart TV LED 55” LG 55NANO85 4K NanoCell 120hz Freesync 2 Hdmi 2.1 Inteligência Artificial ThinQ Google Alexa","image"  
[2021-10-10 22:28:51] production.INFO: 3  
[2021-10-10 22:28:51] production.INFO: "https  
[2021-10-10 22:28:51] production.INFO: 4  
[2021-10-10 22:28:51] production.INFO: //images-submarino.b2w.io/produtos/01/00/img/3280463/9/3280463949_1GG.jpg","offers"  
[2021-10-10 22:28:51] production.INFO: 5  
[2021-10-10 22:28:51] production.INFO: {"@type"  
[2021-10-10 22:28:51] production.INFO: 6  
[2021-10-10 22:28:51] production.INFO: "AggregateOffer","lowPrice"  
[2021-10-10 22:28:51] production.INFO: 7  
[2021-10-10 22:28:51] production.INFO: "5099.99","priceCurrency"  
[2021-10-10 22:28:51] production.INFO: 8  
[2021-10-10 22:28:51] production.INFO: "BRL","offerCount"  
[2021-10-10 22:28:51] production.INFO: 9  
[2021-10-10 22:28:51] production.INFO: "4"  
[2021-10-10 22:28:51] production.INFO: 0  
[2021-10-10 22:28:51] production.INFO: ,{"@type"  
[2021-10-10 22:28:51] production.INFO: 1  
[2021-10-10 22:28:51] production.INFO: "Product","name"  
[2021-10-10 22:28:51] production.INFO: 2  
[2021-10-10 22:28:51] production.INFO: "Smart TV Roku 50\" Philco Led UHD 4K PTV50RCG70BL Wi-Fi 4 HDMI 2 USB e Midiacast","image"  
[2021-10-10 22:28:51] production.INFO: 3  
[2021-10-10 22:28:51] production.INFO: "https  
[2021-10-10 22:28:51] production.INFO: 4  
[2021-10-10 22:28:51] production.INFO: //images-submarino.b2w.io/produtos/01/00/img/2638610/3/2638610385_1GG.jpg","aggregateRating"  
[2021-10-10 22:28:51] production.INFO: 5  
[2021-10-10 22:28:51] production.INFO: {"@type"  
[2021-10-10 22:28:51] production.INFO: 6  
[2021-10-10 22:28:51] production.INFO: "AggregateRating","bestRating"  
[2021-10-10 22:28:51] production.INFO: 7  
[2021-10-10 22:28:51] production.INFO: "5","ratingCount"  
[2021-10-10 22:28:51] production.INFO: 8  
[2021-10-10 22:28:51] production.INFO: "8","ratingValue"  
[2021-10-10 22:28:51] production.INFO: 9  
[2021-10-10 22:28:51] production.INFO: "4.125","worstRating"  
[2021-10-10 22:28:51] production.INFO: 10  
[2021-10-10 22:28:51] production.INFO: "1"},"offers"  
[2021-10-10 22:28:51] production.INFO: 11  
[2021-10-10 22:28:51] production.INFO: {"@type"  
[2021-10-10 22:28:51] production.INFO: 12  
[2021-10-10 22:28:51] production.INFO: "AggregateOffer","lowPrice"  
[2021-10-10 22:28:51] production.INFO: 13  
[2021-10-10 22:28:51] production.INFO: "2490.9","priceCurrency"  
[2021-10-10 22:28:51] production.INFO: 14  
[2021-10-10 22:28:51] production.INFO: "BRL","offerCount"  
[2021-10-10 22:28:51] production.INFO: 15  
[2021-10-10 22:28:51] production.INFO: "4"  
[2021-10-10 22:28:51] production.INFO: 0  
[2021-10-10 22:28:51] production.INFO: ,{"@type"  
[2021-10-10 22:28:51] production.INFO: 1  
[2021-10-10 22:28:51] production.INFO: "Product","name"  
[2021-10-10 22:28:51] production.INFO: 2  
[2021-10-10 22:28:51] production.INFO: "Smart TV LED 55'' Philips 55PUG6794 4K Ultra HD AMBILIGHT 3 lados HDR10+ Dolby Vision Dolby Atmos Bluetooth Wifi 3 HDMI 2 USB - Prata","image"  
[2021-10-10 22:28:51] production.INFO: 3  
[2021-10-10 22:28:51] production.INFO: "https  
[2021-10-10 22:28:51] production.INFO: 4  
[2021-10-10 22:28:51] production.INFO: //images-submarino.b2w.io/produtos/01/00/img/1466785/2/1466785268_1GG.jpg","aggregateRating"  
[2021-10-10 22:28:51] production.INFO: 5  
[2021-10-10 22:28:51] production.INFO: {"@type"  
[2021-10-10 22:28:51] production.INFO: 6  
[2021-10-10 22:28:51] production.INFO: "AggregateRating","bestRating"  
[2021-10-10 22:28:51] production.INFO: 7  
[2021-10-10 22:28:51] production.INFO: "5","ratingCount"  
[2021-10-10 22:28:51] production.INFO: 8  
[2021-10-10 22:28:51] production.INFO: "8","ratingValue"  
[2021-10-10 22:28:51] production.INFO: 9  
[2021-10-10 22:28:51] production.INFO: "3.875","worstRating"  
[2021-10-10 22:28:51] production.INFO: 10  
[2021-10-10 22:28:51] production.INFO: "1"},"offers"  
[2021-10-10 22:28:51] production.INFO: 11  
[2021-10-10 22:28:51] production.INFO: {"@type"  
[2021-10-10 22:28:51] production.INFO: 12  
[2021-10-10 22:28:51] production.INFO: "AggregateOffer","lowPrice"  
[2021-10-10 22:28:51] production.INFO: 13  
[2021-10-10 22:28:51] production.INFO: "3599.99","priceCurrency"  
[2021-10-10 22:28:51] production.INFO: 14  
[2021-10-10 22:28:51] production.INFO: "BRL","offerCount"  
[2021-10-10 22:28:51] production.INFO: 15  
[2021-10-10 22:28:51] production.INFO: "2"  
[2021-10-10 22:28:51] production.INFO: 0  
[2021-10-10 22:28:51] production.INFO: ,{"@type"  
[2021-10-10 22:28:51] production.INFO: 1  
[2021-10-10 22:28:51] production.INFO: "Product","name"  
[2021-10-10 22:28:51] production.INFO: 2  
[2021-10-10 22:28:51] production.INFO: "Smart TV LG 65\" 4K NanoCell 65NANO75 3x HDMI 2.0 Inteligência Artificial Thinqai Smart Magic Google Alexa","image"  
[2021-10-10 22:28:51] production.INFO: 3  
[2021-10-10 22:28:51] production.INFO: "https  
[2021-10-10 22:28:51] production.INFO: 4  
[2021-10-10 22:28:51] production.INFO: //images-submarino.b2w.io/produtos/01/00/img/3397039/6/3397039674_1GG.jpg","offers"  
[2021-10-10 22:28:51] production.INFO: 5  
[2021-10-10 22:28:51] production.INFO: {"@type"  
[2021-10-10 22:28:51] production.INFO: 6  
[2021-10-10 22:28:51] production.INFO: "AggregateOffer","lowPrice"  
[2021-10-10 22:28:51] production.INFO: 7  
[2021-10-10 22:28:51] production.INFO: "5129.99","priceCurrency"  
[2021-10-10 22:28:51] production.INFO: 8  
[2021-10-10 22:28:51] production.INFO: "BRL","offerCount"  
[2021-10-10 22:28:51] production.INFO: 9  
[2021-10-10 22:28:51] production.INFO: "1"  
[2021-10-10 22:28:51] production.INFO: 0  
[2021-10-10 22:28:51] production.INFO: ,{"@type"  
[2021-10-10 22:28:51] production.INFO: 1  
[2021-10-10 22:28:51] production.INFO: "Product","name"  
[2021-10-10 22:28:51] production.INFO: 2  
[2021-10-10 22:28:51] production.INFO: "Android Tv Led 43\" Tcl 43s6500 Bluetooth, Controle Remoto Com Comando De Voz E Google Assistant","image"  
[2021-10-10 22:28:51] production.INFO: 3  
[2021-10-10 22:28:51] production.INFO: "https  
[2021-10-10 22:28:51] production.INFO: 4  
[2021-10-10 22:28:51] production.INFO: //images-submarino.b2w.io/produtos/01/00/img/134256/0/134256010_1GG.jpg","aggregateRating"  
[2021-10-10 22:28:51] production.INFO: 5  
[2021-10-10 22:28:51] production.INFO: {"@type"  
[2021-10-10 22:28:51] production.INFO: 6  
[2021-10-10 22:28:51] production.INFO: "AggregateRating","bestRating"  
[2021-10-10 22:28:51] production.INFO: 7  
[2021-10-10 22:28:51] production.INFO: "5","ratingCount"  
[2021-10-10 22:28:51] production.INFO: 8  
[2021-10-10 22:28:51] production.INFO: "10","ratingValue"  
[2021-10-10 22:28:51] production.INFO: 9  
[2021-10-10 22:28:51] production.INFO: "2.9","worstRating"  
[2021-10-10 22:28:51] production.INFO: 10  
[2021-10-10 22:28:51] production.INFO: "1"},"offers"  
[2021-10-10 22:28:51] production.INFO: 11  
[2021-10-10 22:28:51] production.INFO: {"@type"  
[2021-10-10 22:28:51] production.INFO: 12  
[2021-10-10 22:28:51] production.INFO: "AggregateOffer","lowPrice"  
[2021-10-10 22:28:51] production.INFO: 13  
[2021-10-10 22:28:51] production.INFO: "1899.99","priceCurrency"  
[2021-10-10 22:28:51] production.INFO: 14  
[2021-10-10 22:28:51] production.INFO: "BRL","offerCount"  
[2021-10-10 22:28:51] production.INFO: 15  
[2021-10-10 22:28:51] production.INFO: "15"  
[2021-10-10 22:28:51] production.INFO: 0  
[2021-10-10 22:28:51] production.INFO: ,{"@type"  
[2021-10-10 22:28:51] production.INFO: 1  
[2021-10-10 22:28:51] production.INFO: "Product","name"  
[2021-10-10 22:28:51] production.INFO: 2  
[2021-10-10 22:28:51] production.INFO: "Smart TV 50\" LG 50UN731C UHD 4K 3 HDMI 2 USB Wi-Fi Assitente Virtual Bluetooth","image"  
[2021-10-10 22:28:51] production.INFO: 3  
[2021-10-10 22:28:51] production.INFO: "https  
[2021-10-10 22:28:51] production.INFO: 4  
[2021-10-10 22:28:51] production.INFO: //images-submarino.b2w.io/produtos/01/00/img/1902703/1/1902703127_1GG.jpg","aggregateRating"  
[2021-10-10 22:28:51] production.INFO: 5  
[2021-10-10 22:28:51] production.INFO: {"@type"  
[2021-10-10 22:28:51] production.INFO: 6  
[2021-10-10 22:28:51] production.INFO: "AggregateRating","bestRating"  
[2021-10-10 22:28:51] production.INFO: 7  
[2021-10-10 22:28:51] production.INFO: "5","ratingCount"  
[2021-10-10 22:28:51] production.INFO: 8  
[2021-10-10 22:28:51] production.INFO: "2","ratingValue"  
[2021-10-10 22:28:51] production.INFO: 9  
[2021-10-10 22:28:51] production.INFO: "4.5","worstRating"  
[2021-10-10 22:28:51] production.INFO: 10  
[2021-10-10 22:28:51] production.INFO: "1"},"offers"  
[2021-10-10 22:28:51] production.INFO: 11  
[2021-10-10 22:28:51] production.INFO: {"@type"  
[2021-10-10 22:28:51] production.INFO: 12  
[2021-10-10 22:28:51] production.INFO: "AggregateOffer","lowPrice"  
[2021-10-10 22:28:51] production.INFO: 13  
[2021-10-10 22:28:51] production.INFO: "2848.13","priceCurrency"  
[2021-10-10 22:28:51] production.INFO: 14  
[2021-10-10 22:28:51] production.INFO: "BRL","offerCount"  
[2021-10-10 22:28:51] production.INFO: 15  
[2021-10-10 22:28:51] production.INFO: "3"  
[2021-10-10 22:28:51] production.INFO: 0  
[2021-10-10 22:28:51] production.INFO: ,{"@type"  
[2021-10-10 22:28:51] production.INFO: 1  
[2021-10-10 22:28:51] production.INFO: "Product","name"  
[2021-10-10 22:28:51] production.INFO: 2  
[2021-10-10 22:28:51] production.INFO: "Smart TV LG OLED 65\" 4K OLED65C1 120hz G-Sync Freesync 4x HDMI 2.1 Inteligência Artificial Thinq Google Alexa","image"  
[2021-10-10 22:28:51] production.INFO: 3  
[2021-10-10 22:28:51] production.INFO: "https  
[2021-10-10 22:28:51] production.INFO: 4  
[2021-10-10 22:28:51] production.INFO: //images-submarino.b2w.io/produtos/01/00/img/3280462/7/3280462719_1GG.jpg","offers"  
[2021-10-10 22:28:51] production.INFO: 5  
[2021-10-10 22:28:51] production.INFO: {"@type"  
[2021-10-10 22:28:51] production.INFO: 6  
[2021-10-10 22:28:51] production.INFO: "AggregateOffer","lowPrice"  
[2021-10-10 22:28:51] production.INFO: 7  
[2021-10-10 22:28:51] production.INFO: "11999.99","priceCurrency"  
[2021-10-10 22:28:51] production.INFO: 8  
[2021-10-10 22:28:51] production.INFO: "BRL","offerCount"  
[2021-10-10 22:28:51] production.INFO: 9  
[2021-10-10 22:28:51] production.INFO: "1"  
[2021-10-10 22:28:51] production.INFO: 0  
[2021-10-10 22:28:51] production.INFO: ,{"@type"  
[2021-10-10 22:28:51] production.INFO: 1  
[2021-10-10 22:28:51] production.INFO: "Product","name"  
[2021-10-10 22:28:51] production.INFO: 2  
[2021-10-10 22:28:51] production.INFO: "Smart TV 55\" LG 55UN731C 4K UHD 3 HDMI 2 USB Wi-Fi Assitente Virtual Bluetooth","image"  
[2021-10-10 22:28:51] production.INFO: 3  
[2021-10-10 22:28:51] production.INFO: "https  
[2021-10-10 22:28:51] production.INFO: 4  
[2021-10-10 22:28:51] production.INFO: //images-submarino.b2w.io/produtos/01/00/img/1902702/4/1902702474_1GG.jpg","aggregateRating"  
[2021-10-10 22:28:51] production.INFO: 5  
[2021-10-10 22:28:51] production.INFO: {"@type"  
[2021-10-10 22:28:51] production.INFO: 6  
[2021-10-10 22:28:51] production.INFO: "AggregateRating","bestRating"  
[2021-10-10 22:28:51] production.INFO: 7  
[2021-10-10 22:28:51] production.INFO: "5","ratingCount"  
[2021-10-10 22:28:51] production.INFO: 8  
[2021-10-10 22:28:51] production.INFO: "1","ratingValue"  
[2021-10-10 22:28:51] production.INFO: 9  
[2021-10-10 22:28:51] production.INFO: "4","worstRating"  
[2021-10-10 22:28:51] production.INFO: 10  
[2021-10-10 22:28:51] production.INFO: "1"},"offers"  
[2021-10-10 22:28:51] production.INFO: 11  
[2021-10-10 22:28:51] production.INFO: {"@type"  
[2021-10-10 22:28:51] production.INFO: 12  
[2021-10-10 22:28:51] production.INFO: "AggregateOffer","lowPrice"  
[2021-10-10 22:28:51] production.INFO: 13  
[2021-10-10 22:28:51] production.INFO: "3275.91","priceCurrency"  
[2021-10-10 22:28:51] production.INFO: 14  
[2021-10-10 22:28:51] production.INFO: "BRL","offerCount"  
[2021-10-10 22:28:51] production.INFO: 15  
[2021-10-10 22:28:51] production.INFO: "5"  
[2021-10-10 22:28:51] production.INFO: 0  
[2021-10-10 22:28:51] production.INFO: ,{"@type"  
[2021-10-10 22:28:51] production.INFO: 1  
[2021-10-10 22:28:51] production.INFO: "Product","name"  
[2021-10-10 22:28:51] production.INFO: 2  
[2021-10-10 22:28:51] production.INFO: "Lg Smart Tv Pro Ai 32\" 32lm621cbsb.awz","image"  
[2021-10-10 22:28:51] production.INFO: 3  
[2021-10-10 22:28:51] production.INFO: "https  
[2021-10-10 22:28:51] production.INFO: 4  
[2021-10-10 22:28:51] production.INFO: //images-submarino.b2w.io/produtos/01/00/img/1328314/2/1328314231_1GG.jpg","aggregateRating"  
[2021-10-10 22:28:51] production.INFO: 5  
[2021-10-10 22:28:51] production.INFO: {"@type"  
[2021-10-10 22:28:51] production.INFO: 6  
[2021-10-10 22:28:51] production.INFO: "AggregateRating","bestRating"  
[2021-10-10 22:28:51] production.INFO: 7  
[2021-10-10 22:28:51] production.INFO: "5","ratingCount"  
[2021-10-10 22:28:51] production.INFO: 8  
[2021-10-10 22:28:51] production.INFO: "1","ratingValue"  
[2021-10-10 22:28:51] production.INFO: 9  
[2021-10-10 22:28:51] production.INFO: "4","worstRating"  
[2021-10-10 22:28:51] production.INFO: 10  
[2021-10-10 22:28:51] production.INFO: "1"},"offers"  
[2021-10-10 22:28:51] production.INFO: 11  
[2021-10-10 22:28:51] production.INFO: {"@type"  
[2021-10-10 22:28:51] production.INFO: 12  
[2021-10-10 22:28:51] production.INFO: "AggregateOffer","lowPrice"  
[2021-10-10 22:28:51] production.INFO: 13  
[2021-10-10 22:28:51] production.INFO: "1466.1","priceCurrency"  
[2021-10-10 22:28:51] production.INFO: 14  
[2021-10-10 22:28:51] production.INFO: "BRL","offerCount"  
[2021-10-10 22:28:51] production.INFO: 15  
[2021-10-10 22:28:51] production.INFO: "4"  
[2021-10-10 22:28:51] production.INFO: 0  
[2021-10-10 22:28:51] production.INFO: ,{"@type"  
[2021-10-10 22:28:51] production.INFO: 1  
[2021-10-10 22:28:51] production.INFO: "Product","name"  
[2021-10-10 22:28:51] production.INFO: 2  
[2021-10-10 22:28:51] production.INFO: "Smart TV LED 65” LG 65NANO85 4K NanoCell 120hz Freesync 2 Hdmi 2.1 Inteligência Artificial ThinQ Google Alexa","image"  
[2021-10-10 22:28:51] production.INFO: 3  
[2021-10-10 22:28:51] production.INFO: "https  
[2021-10-10 22:28:51] production.INFO: 4  
[2021-10-10 22:28:51] production.INFO: //images-submarino.b2w.io/produtos/01/00/img/3280457/1/3280457135_1GG.jpg","offers"  
[2021-10-10 22:28:51] production.INFO: 5  
[2021-10-10 22:28:51] production.INFO: {"@type"  
[2021-10-10 22:28:51] production.INFO: 6  
[2021-10-10 22:28:51] production.INFO: "AggregateOffer","lowPrice"  
[2021-10-10 22:28:51] production.INFO: 7  
[2021-10-10 22:28:51] production.INFO: "6399.99","priceCurrency"  
[2021-10-10 22:28:51] production.INFO: 8  
[2021-10-10 22:28:51] production.INFO: "BRL","offerCount"  
[2021-10-10 22:28:51] production.INFO: 9  
[2021-10-10 22:28:51] production.INFO: "4"  
[2021-10-10 22:28:51] production.INFO: 0  
[2021-10-10 22:28:51] production.INFO: ,{"@type"  
[2021-10-10 22:28:51] production.INFO: 1  
[2021-10-10 22:28:51] production.INFO: "Product","name"  
[2021-10-10 22:28:51] production.INFO: 2  
[2021-10-10 22:28:51] production.INFO: "Smart TV LED 65'' LG 65NANO81 Ultra HD 4K NanoCell IPS WiFi Bluetooth HDR Inteligencia Artificial ThinQAI Google Assistente Alexa IOT","image"  
[2021-10-10 22:28:51] production.INFO: 3  
[2021-10-10 22:28:51] production.INFO: "https  
[2021-10-10 22:28:51] production.INFO: 4  
[2021-10-10 22:28:51] production.INFO: //images-submarino.b2w.io/produtos/01/00/img/1733188/6/1733188688_1GG.jpg","aggregateRating"  
[2021-10-10 22:28:51] production.INFO: 5  
[2021-10-10 22:28:51] production.INFO: {"@type"  
[2021-10-10 22:28:51] production.INFO: 6  
[2021-10-10 22:28:51] production.INFO: "AggregateRating","bestRating"  
[2021-10-10 22:28:51] production.INFO: 7  
[2021-10-10 22:28:51] production.INFO: "5","ratingCount"  
[2021-10-10 22:28:51] production.INFO: 8  
[2021-10-10 22:28:51] production.INFO: "4","ratingValue"  
[2021-10-10 22:28:51] production.INFO: 9  
[2021-10-10 22:28:51] production.INFO: "4.25","worstRating"  
[2021-10-10 22:28:51] production.INFO: 10  
[2021-10-10 22:28:51] production.INFO: "1"},"offers"  
[2021-10-10 22:28:51] production.INFO: 11  
[2021-10-10 22:28:51] production.INFO: {"@type"  
[2021-10-10 22:28:51] production.INFO: 12  
[2021-10-10 22:28:51] production.INFO: "AggregateOffer","lowPrice"  
[2021-10-10 22:28:51] production.INFO: 13  
[2021-10-10 22:28:51] production.INFO: "5555.54","priceCurrency"  
[2021-10-10 22:28:51] production.INFO: 14  
[2021-10-10 22:28:51] production.INFO: "BRL","offerCount"  
[2021-10-10 22:28:51] production.INFO: 15  
[2021-10-10 22:28:51] production.INFO: "2"  
[2021-10-10 22:28:51] production.INFO: 0  
[2021-10-10 22:28:51] production.INFO: ,{"@type"  
[2021-10-10 22:28:51] production.INFO: 1  
[2021-10-10 22:28:51] production.INFO: "Product","name"  
[2021-10-10 22:28:51] production.INFO: 2  
[2021-10-10 22:28:51] production.INFO: "Smart TV LED 50'' Philips 50PUG6654/78 Ultra HD 4k, Design sem Bordas HDR10+ Dolby Vision Dolby Atmos Bluetooth 3 HDMI 2 USB 60 HZ - Prata","image"  
[2021-10-10 22:28:51] production.INFO: 3  
[2021-10-10 22:28:51] production.INFO: "https  
[2021-10-10 22:28:51] production.INFO: 4  
[2021-10-10 22:28:51] production.INFO: //images-submarino.b2w.io/produtos/01/00/img/1497513/9/1497513901_1GG.jpg","aggregateRating"  
[2021-10-10 22:28:51] production.INFO: 5  
[2021-10-10 22:28:51] production.INFO: {"@type"  
[2021-10-10 22:28:51] production.INFO: 6  
[2021-10-10 22:28:51] production.INFO: "AggregateRating","bestRating"  
[2021-10-10 22:28:51] production.INFO: 7  
[2021-10-10 22:28:51] production.INFO: "5","ratingCount"  
[2021-10-10 22:28:51] production.INFO: 8  
[2021-10-10 22:28:51] production.INFO: "17","ratingValue"  
[2021-10-10 22:28:51] production.INFO: 9  
[2021-10-10 22:28:51] production.INFO: "3.5882354","worstRating"  
[2021-10-10 22:28:51] production.INFO: 10  
[2021-10-10 22:28:51] production.INFO: "1"},"offers"  
[2021-10-10 22:28:51] production.INFO: 11  
[2021-10-10 22:28:51] production.INFO: {"@type"  
[2021-10-10 22:28:51] production.INFO: 12  
[2021-10-10 22:28:51] production.INFO: "AggregateOffer","lowPrice"  
[2021-10-10 22:28:51] production.INFO: 13  
[2021-10-10 22:28:51] production.INFO: "2834.9","priceCurrency"  
[2021-10-10 22:28:51] production.INFO: 14  
[2021-10-10 22:28:51] production.INFO: "BRL","offerCount"  
[2021-10-10 22:28:51] production.INFO: 15  
[2021-10-10 22:28:51] production.INFO: "9"  
[2021-10-10 22:28:51] production.INFO: 0  
[2021-10-10 22:28:51] production.INFO: ,{"@type"  
[2021-10-10 22:28:51] production.INFO: 1  
[2021-10-10 22:28:51] production.INFO: "Product","name"  
[2021-10-10 22:28:51] production.INFO: 2  
[2021-10-10 22:28:51] production.INFO: "Smart TV LED 32\" Panasonic TC-32FS500B","image"  
[2021-10-10 22:28:51] production.INFO: 3  
[2021-10-10 22:28:51] production.INFO: "https  
[2021-10-10 22:28:51] production.INFO: 4  
[2021-10-10 22:28:51] production.INFO: //images-submarino.b2w.io/produtos/01/00/img/1903221/5/1903221541_1GG.jpg","aggregateRating"  
[2021-10-10 22:28:51] production.INFO: 5  
[2021-10-10 22:28:51] production.INFO: {"@type"  
[2021-10-10 22:28:51] production.INFO: 6  
[2021-10-10 22:28:51] production.INFO: "AggregateRating","bestRating"  
[2021-10-10 22:28:51] production.INFO: 7  
[2021-10-10 22:28:51] production.INFO: "5","ratingCount"  
[2021-10-10 22:28:51] production.INFO: 8  
[2021-10-10 22:28:51] production.INFO: "2","ratingValue"  
[2021-10-10 22:28:51] production.INFO: 9  
[2021-10-10 22:28:51] production.INFO: "3","worstRating"  
[2021-10-10 22:28:51] production.INFO: 10  
[2021-10-10 22:28:51] production.INFO: "1"},"offers"  
[2021-10-10 22:28:51] production.INFO: 11  
[2021-10-10 22:28:51] production.INFO: {"@type"  
[2021-10-10 22:28:51] production.INFO: 12  
[2021-10-10 22:28:51] production.INFO: "AggregateOffer","lowPrice"  
[2021-10-10 22:28:51] production.INFO: 13  
[2021-10-10 22:28:51] production.INFO: "1521.95","priceCurrency"  
[2021-10-10 22:28:51] production.INFO: 14  
[2021-10-10 22:28:51] production.INFO: "BRL","offerCount"  
[2021-10-10 22:28:51] production.INFO: 15  
[2021-10-10 22:28:51] production.INFO: "14"  
[2021-10-10 22:28:51] production.INFO: 0  
[2021-10-10 22:28:51] production.INFO: ,{"@type"  
[2021-10-10 22:28:51] production.INFO: 1  
[2021-10-10 22:28:51] production.INFO: "Product","name"  
[2021-10-10 22:28:51] production.INFO: 2  
[2021-10-10 22:28:51] production.INFO: "Samsung Smart Tv 65\" Qled 4k 65q60a, Modo Game, Som Em Movimento Virtual, Tela Sem Limites, Design Slim.","image"  
[2021-10-10 22:28:51] production.INFO: 3  
[2021-10-10 22:28:51] production.INFO: "https  
[2021-10-10 22:28:51] production.INFO: 4  
[2021-10-10 22:28:51] production.INFO: //images-submarino.b2w.io/produtos/01/00/img/3060873/4/3060873487_1GG.jpg","offers"  
[2021-10-10 22:28:51] production.INFO: 5  
[2021-10-10 22:28:51] production.INFO: {"@type"  
[2021-10-10 22:28:51] production.INFO: 6  
[2021-10-10 22:28:51] production.INFO: "AggregateOffer","lowPrice"  
[2021-10-10 22:28:51] production.INFO: 7  
[2021-10-10 22:28:51] production.INFO: "6299.99","priceCurrency"  
[2021-10-10 22:28:51] production.INFO: 8  
[2021-10-10 22:28:51] production.INFO: "BRL","offerCount"  
[2021-10-10 22:28:51] production.INFO: 9  
[2021-10-10 22:28:51] production.INFO: "8"  
[2021-10-10 22:28:51] production.INFO: 0  
[2021-10-10 22:28:51] production.INFO: ,{"@type"  
[2021-10-10 22:28:51] production.INFO: 1  
[2021-10-10 22:28:51] production.INFO: "Product","name"  
[2021-10-10 22:28:51] production.INFO: 2  
[2021-10-10 22:28:51] production.INFO: "Samsung Smart TV 50\" QLED 4K The Frame 2021 50LS03A, Design Slim, Suporte de parede Slim Incluso, Única Conexão, Molduras customizáveis, Modo Arte","image"  
[2021-10-10 22:28:51] production.INFO: 3  
[2021-10-10 22:28:51] production.INFO: "https  
[2021-10-10 22:28:51] production.INFO: 4  
[2021-10-10 22:28:51] production.INFO: //images-submarino.b2w.io/produtos/01/00/img/3060872/9/3060872994_1GG.jpg","offers"  
[2021-10-10 22:28:51] production.INFO: 5  
[2021-10-10 22:28:51] production.INFO: {"@type"  
[2021-10-10 22:28:51] production.INFO: 6  
[2021-10-10 22:28:51] production.INFO: "AggregateOffer","lowPrice"  
[2021-10-10 22:28:51] production.INFO: 7  
[2021-10-10 22:28:51] production.INFO: "3658.43","priceCurrency"  
[2021-10-10 22:28:51] production.INFO: 8  
[2021-10-10 22:28:51] production.INFO: "BRL","offerCount"  
[2021-10-10 22:28:51] production.INFO: 9  
[2021-10-10 22:28:51] production.INFO: "4"  
[2021-10-10 22:28:51] production.INFO: 0  
[2021-10-10 22:28:51] production.INFO: ,{"@type"  
[2021-10-10 22:28:51] production.INFO: 1  
[2021-10-10 22:28:51] production.INFO: "Product","name"  
[2021-10-10 22:28:51] production.INFO: 2  
[2021-10-10 22:28:51] production.INFO: "Samsung Smart TV Crystal uhd TU7020 4K 2020 58 Design sem Limites, Controle Remoto Único, Bluetooth","image"  
[2021-10-10 22:28:51] production.INFO: 3  
[2021-10-10 22:28:51] production.INFO: "https  
[2021-10-10 22:28:51] production.INFO: 4  
[2021-10-10 22:28:51] production.INFO: //images-submarino.b2w.io/produtos/2031101728/imagens/samsung-smart-tv-crystal-uhd-tu7020-4k-2020-58-design-sem-limites-controle-remoto-unico-bluetooth/2031101761_1_large.jpg","offers"  
[2021-10-10 22:28:51] production.INFO: 5  
[2021-10-10 22:28:51] production.INFO: {"@type"  
[2021-10-10 22:28:51] production.INFO: 6  
[2021-10-10 22:28:51] production.INFO: "AggregateOffer","lowPrice"  
[2021-10-10 22:28:51] production.INFO: 7  
[2021-10-10 22:28:51] production.INFO: "2399","priceCurrency"  
[2021-10-10 22:28:51] production.INFO: 8  
[2021-10-10 22:28:51] production.INFO: "BRL","offerCount"  
[2021-10-10 22:28:51] production.INFO: 9  
[2021-10-10 22:28:51] production.INFO: "1"  
[2021-10-10 22:28:51] production.INFO: 0  
[2021-10-10 22:28:51] production.INFO: ,{"@type"  
[2021-10-10 22:28:51] production.INFO: 1  
[2021-10-10 22:28:51] production.INFO: "Product","name"  
[2021-10-10 22:28:51] production.INFO: 2  
[2021-10-10 22:28:51] production.INFO: "Smart TV 82'' Samsung Crystal UHD 82TU8000 4K, Wi-fi, Borda Infinita, Alexa built in, Controle Único, Visual Livre de Cabo, Modo Ambiente Foto e Processador Crystal 4K","image"  
[2021-10-10 22:28:51] production.INFO: 3  
[2021-10-10 22:28:51] production.INFO: "https  
[2021-10-10 22:28:51] production.INFO: 4  
[2021-10-10 22:28:51] production.INFO: //images-submarino.b2w.io/produtos/01/00/img/1738809/9/1738809914_1GG.jpg","offers"  
[2021-10-10 22:28:51] production.INFO: 5  
[2021-10-10 22:28:51] production.INFO: {"@type"  
[2021-10-10 22:28:51] production.INFO: 6  
[2021-10-10 22:28:51] production.INFO: "AggregateOffer","lowPrice"  
[2021-10-10 22:28:51] production.INFO: 7  
[2021-10-10 22:28:51] production.INFO: "9214.99","priceCurrency"  
[2021-10-10 22:28:51] production.INFO: 8  
[2021-10-10 22:28:51] production.INFO: "BRL","offerCount"  
[2021-10-10 22:28:51] production.INFO: 9  
[2021-10-10 22:28:51] production.INFO: "3"  
[2021-10-10 22:28:51] production.INFO: 0  
[2021-10-10 22:28:51] production.INFO: ,{"@type"  
[2021-10-10 22:28:51] production.INFO: 1  
[2021-10-10 22:28:51] production.INFO: "Product","name"  
[2021-10-10 22:28:51] production.INFO: 2  
[2021-10-10 22:28:51] production.INFO: "Smart TV QLED 55\" UHD 4K Samsung The Frame QN55LS03TAG Modo Arte Modo Ambiente 3.0 com Molduras Customizáveis Única Conexão - 2020","image"  
[2021-10-10 22:28:51] production.INFO: 3  
[2021-10-10 22:28:51] production.INFO: "https  
[2021-10-10 22:28:51] production.INFO: 4  
[2021-10-10 22:28:51] production.INFO: //images-submarino.b2w.io/produtos/01/00/img/1803603/3/1803603340_1GG.jpg","aggregateRating"  
[2021-10-10 22:28:51] production.INFO: 5  
[2021-10-10 22:28:51] production.INFO: {"@type"  
[2021-10-10 22:28:51] production.INFO: 6  
[2021-10-10 22:28:51] production.INFO: "AggregateRating","bestRating"  
[2021-10-10 22:28:51] production.INFO: 7  
[2021-10-10 22:28:51] production.INFO: "5","ratingCount"  
[2021-10-10 22:28:51] production.INFO: 8  
[2021-10-10 22:28:51] production.INFO: "1","ratingValue"  
[2021-10-10 22:28:51] production.INFO: 9  
[2021-10-10 22:28:51] production.INFO: "5","worstRating"  
[2021-10-10 22:28:51] production.INFO: 10  
[2021-10-10 22:28:51] production.INFO: "1"},"offers"  
[2021-10-10 22:28:51] production.INFO: 11  
[2021-10-10 22:28:51] production.INFO: {"@type"  
[2021-10-10 22:28:51] production.INFO: 12  
[2021-10-10 22:28:51] production.INFO: "AggregateOffer","lowPrice"  
[2021-10-10 22:28:51] production.INFO: 13  
[2021-10-10 22:28:51] production.INFO: "5599.99","priceCurrency"  
[2021-10-10 22:28:51] production.INFO: 14  
[2021-10-10 22:28:51] production.INFO: "BRL","offerCount"  
[2021-10-10 22:28:51] production.INFO: 15  
[2021-10-10 22:28:51] production.INFO: "2"  
[2021-10-10 22:28:51] production.INFO: 0  
[2021-10-10 22:28:51] production.INFO: ,{"@type"  
[2021-10-10 22:28:51] production.INFO: 1  
[2021-10-10 22:28:51] production.INFO: "Product","name"  
[2021-10-10 22:28:51] production.INFO: 2  
[2021-10-10 22:28:51] production.INFO: "Smart TV LED 50” TCL P615 4K UHD HDR Android com Wi-Fi e Bluetooth Integrados","image"  
[2021-10-10 22:28:51] production.INFO: 3  
[2021-10-10 22:28:51] production.INFO: "https  
[2021-10-10 22:28:51] production.INFO: 4  
[2021-10-10 22:28:51] production.INFO: //images-submarino.b2w.io/produtos/01/00/img/3130393/0/3130393076_1GG.jpg","offers"  
[2021-10-10 22:28:51] production.INFO: 5  
[2021-10-10 22:28:51] production.INFO: {"@type"  
[2021-10-10 22:28:51] production.INFO: 6  
[2021-10-10 22:28:51] production.INFO: "AggregateOffer","lowPrice"  
[2021-10-10 22:28:51] production.INFO: 7  
[2021-10-10 22:28:51] production.INFO: "2599.99","priceCurrency"  
[2021-10-10 22:28:51] production.INFO: 8  
[2021-10-10 22:28:51] production.INFO: "BRL","offerCount"  
[2021-10-10 22:28:51] production.INFO: 9  
[2021-10-10 22:28:51] production.INFO: "8"  
[2021-10-10 22:28:51] production.INFO: 0  
[2021-10-10 22:28:51] production.INFO: ,{"@type"  
[2021-10-10 22:28:51] production.INFO: 1  
[2021-10-10 22:28:51] production.INFO: "Product","name"  
[2021-10-10 22:28:51] production.INFO: 2  
[2021-10-10 22:28:51] production.INFO: "Smart TV 70'' Philips 70PUG7625/78 4K UHD P5 HDR10+ Dolby Vision Atmos Bluetooth WiFi Preto Bordas Ultrafinas","image"  
[2021-10-10 22:28:51] production.INFO: 3  
[2021-10-10 22:28:51] production.INFO: "https  
[2021-10-10 22:28:51] production.INFO: 4  
[2021-10-10 22:28:51] production.INFO: //images-submarino.b2w.io/produtos/01/00/img/2737032/2/2737032277_1GG.jpg","offers"  
[2021-10-10 22:28:51] production.INFO: 5  
[2021-10-10 22:28:51] production.INFO: {"@type"  
[2021-10-10 22:28:51] production.INFO: 6  
[2021-10-10 22:28:51] production.INFO: "AggregateOffer","lowPrice"  
[2021-10-10 22:28:51] production.INFO: 7  
[2021-10-10 22:28:51] production.INFO: "4549.99","priceCurrency"  
[2021-10-10 22:28:51] production.INFO: 8  
[2021-10-10 22:28:51] production.INFO: "BRL","offerCount"  
[2021-10-10 22:28:51] production.INFO: 9  
[2021-10-10 22:28:51] production.INFO: "7"  
[2021-10-10 22:28:51] production.INFO: 0  
[2021-10-10 22:28:51] production.INFO: ]}],"  
