[2021-10-09 00:34:14] production.ERROR: explode(): Empty delimiter {"exception":"[object] (ErrorException(code: 0): explode(): Empty delimiter at /var/www/html/app/Http/Controllers/CrawlerController.php:51)
[stacktrace]
#0 [internal function]: Laravel\\Lumen\\Application->Laravel\\Lumen\\Concerns\\{closure}(2, 'explode(): Empt...', '/var/www/html/a...', 51, Array)
#1 /var/www/html/app/Http/Controllers/CrawlerController.php(51): explode('', ',\"itemListEleme...')
#2 /var/www/html/app/Http/Controllers/CrawlerController.php(56): App\\Http\\Controllers\\CrawlerController->explode_content('\
  <!DOCTYPE ht...')
#3 /var/www/html/vendor/illuminate/container/BoundMethod.php(36): App\\Http\\Controllers\\CrawlerController->get('2')
#4 /var/www/html/vendor/illuminate/container/Util.php(40): Illuminate\\Container\\BoundMethod::Illuminate\\Container\\{closure}()
#5 /var/www/html/vendor/illuminate/container/BoundMethod.php(93): Illuminate\\Container\\Util::unwrapIfClosure(Object(Closure))
#6 /var/www/html/vendor/illuminate/container/BoundMethod.php(37): Illuminate\\Container\\BoundMethod::callBoundMethod(Object(Laravel\\Lumen\\Application), Array, Object(Closure))
#7 /var/www/html/vendor/illuminate/container/Container.php(653): Illuminate\\Container\\BoundMethod::call(Object(Laravel\\Lumen\\Application), Array, Array, NULL)
#8 /var/www/html/vendor/laravel/lumen-framework/src/Concerns/RoutesRequests.php(389): Illuminate\\Container\\Container->call(Array, Array)
#9 /var/www/html/vendor/laravel/lumen-framework/src/Concerns/RoutesRequests.php(355): Laravel\\Lumen\\Application->callControllerCallable(Array, Array)
#10 /var/www/html/vendor/laravel/lumen-framework/src/Concerns/RoutesRequests.php(329): Laravel\\Lumen\\Application->callLumenController(Object(App\\Http\\Controllers\\CrawlerController), 'get', Array)
#11 /var/www/html/vendor/laravel/lumen-framework/src/Concerns/RoutesRequests.php(282): Laravel\\Lumen\\Application->callControllerAction(Array)
#12 /var/www/html/vendor/laravel/lumen-framework/src/Concerns/RoutesRequests.php(267): Laravel\\Lumen\\Application->callActionOnArrayBasedRoute(Array)
#13 /var/www/html/vendor/laravel/lumen-framework/src/Concerns/RoutesRequests.php(237): Laravel\\Lumen\\Application->handleFoundRoute(Array)
#14 /var/www/html/vendor/laravel/lumen-framework/src/Concerns/RoutesRequests.php(173): Laravel\\Lumen\\Application->handleDispatcherResponse(Array)
#15 /var/www/html/vendor/laravel/lumen-framework/src/Concerns/RoutesRequests.php(429): Laravel\\Lumen\\Application->Laravel\\Lumen\\Concerns\\{closure}(Object(Laravel\\Lumen\\Http\\Request))
#16 /var/www/html/vendor/laravel/lumen-framework/src/Concerns/RoutesRequests.php(175): Laravel\\Lumen\\Application->sendThroughPipeline(Array, Object(Closure))
#17 /var/www/html/vendor/laravel/lumen-framework/src/Concerns/RoutesRequests.php(112): Laravel\\Lumen\\Application->dispatch(NULL)
#18 /var/www/html/public/index.php(28): Laravel\\Lumen\\Application->run()
#19 {main}
"} 
[2021-10-09 01:08:09] production.INFO: 0  
[2021-10-09 01:08:09] production.INFO: ,{"@type"  
[2021-10-09 01:08:09] production.INFO: 1  
[2021-10-09 01:08:09] production.INFO: "Product","name"  
[2021-10-09 01:08:09] production.INFO: 2  
[2021-10-09 01:08:09] production.INFO: "Samsung Smart Tv 70\" Uhd 4k 70au7700, Processador Crystal 4k, Tela Sem Limites, Visual Livre De Cabos, Alexa Built In.","image"  
[2021-10-09 01:08:09] production.INFO: 3  
[2021-10-09 01:08:09] production.INFO: "https  
[2021-10-09 01:08:09] production.INFO: 4  
[2021-10-09 01:08:09] production.INFO: //images-submarino.b2w.io/produtos/01/00/img/3069544/7/3069544719_1GG.jpg","aggregateRating"  
[2021-10-09 01:08:09] production.INFO: 5  
[2021-10-09 01:08:09] production.INFO: {"@type"  
[2021-10-09 01:08:09] production.INFO: 6  
[2021-10-09 01:08:09] production.INFO: "AggregateRating","bestRating"  
[2021-10-09 01:08:09] production.INFO: 7  
[2021-10-09 01:08:09] production.INFO: "5","ratingCount"  
[2021-10-09 01:08:09] production.INFO: 8  
[2021-10-09 01:08:09] production.INFO: "10","ratingValue"  
[2021-10-09 01:08:09] production.INFO: 9  
[2021-10-09 01:08:09] production.INFO: "4.3","worstRating"  
[2021-10-09 01:08:09] production.INFO: 10  
[2021-10-09 01:08:09] production.INFO: "1"},"offers"  
[2021-10-09 01:08:09] production.INFO: 11  
[2021-10-09 01:08:09] production.INFO: {"@type"  
[2021-10-09 01:08:09] production.INFO: 12  
[2021-10-09 01:08:09] production.INFO: "AggregateOffer","lowPrice"  
[2021-10-09 01:08:09] production.INFO: 13  
[2021-10-09 01:08:09] production.INFO: "4749.99","priceCurrency"  
[2021-10-09 01:08:09] production.INFO: 14  
[2021-10-09 01:08:09] production.INFO: "BRL","offerCount"  
[2021-10-09 01:08:09] production.INFO: 15  
[2021-10-09 01:08:09] production.INFO: "11"  
[2021-10-09 01:09:26] production.INFO: 0  
[2021-10-09 01:09:26] production.INFO: ,{"@type"  
[2021-10-09 01:09:26] production.INFO: 1  
[2021-10-09 01:09:26] production.INFO: "Product","name"  
[2021-10-09 01:09:26] production.INFO: 2  
[2021-10-09 01:09:26] production.INFO: "Samsung Smart Tv 70\" Uhd 4k 70au7700, Processador Crystal 4k, Tela Sem Limites, Visual Livre De Cabos, Alexa Built In.","image"  
[2021-10-09 01:09:26] production.INFO: 3  
[2021-10-09 01:09:26] production.INFO: "https  
[2021-10-09 01:09:26] production.INFO: 4  
[2021-10-09 01:09:26] production.INFO: //images-submarino.b2w.io/produtos/01/00/img/3069544/7/3069544719_1GG.jpg","aggregateRating"  
[2021-10-09 01:09:26] production.INFO: 5  
[2021-10-09 01:09:26] production.INFO: {"@type"  
[2021-10-09 01:09:26] production.INFO: 6  
[2021-10-09 01:09:26] production.INFO: "AggregateRating","bestRating"  
[2021-10-09 01:09:26] production.INFO: 7  
[2021-10-09 01:09:26] production.INFO: "5","ratingCount"  
[2021-10-09 01:09:26] production.INFO: 8  
[2021-10-09 01:09:26] production.INFO: "10","ratingValue"  
[2021-10-09 01:09:26] production.INFO: 9  
[2021-10-09 01:09:26] production.INFO: "4.3","worstRating"  
[2021-10-09 01:09:26] production.INFO: 10  
[2021-10-09 01:09:26] production.INFO: "1"},"offers"  
[2021-10-09 01:09:26] production.INFO: 11  
[2021-10-09 01:09:26] production.INFO: {"@type"  
[2021-10-09 01:09:26] production.INFO: 12  
[2021-10-09 01:09:26] production.INFO: "AggregateOffer","lowPrice"  
[2021-10-09 01:09:26] production.INFO: 13  
[2021-10-09 01:09:26] production.INFO: "4749.99","priceCurrency"  
[2021-10-09 01:09:26] production.INFO: 14  
[2021-10-09 01:09:26] production.INFO: "BRL","offerCount"  
[2021-10-09 01:09:26] production.INFO: 15  
[2021-10-09 01:09:26] production.INFO: "11"  
[2021-10-09 01:10:33] production.INFO: 0  
[2021-10-09 01:10:33] production.INFO: ,{"@type"  
[2021-10-09 01:10:33] production.INFO: 1  
[2021-10-09 01:10:33] production.INFO: "Product","name"  
[2021-10-09 01:10:33] production.INFO: 2  
[2021-10-09 01:10:33] production.INFO: "Samsung Smart Tv 70\" Uhd 4k 70au7700, Processador Crystal 4k, Tela Sem Limites, Visual Livre De Cabos, Alexa Built In.","image"  
[2021-10-09 01:10:33] production.INFO: 3  
[2021-10-09 01:10:33] production.INFO: "https  
[2021-10-09 01:10:33] production.INFO: 4  
[2021-10-09 01:10:33] production.INFO: //images-submarino.b2w.io/produtos/01/00/img/3069544/7/3069544719_1GG.jpg","aggregateRating"  
[2021-10-09 01:10:33] production.INFO: 5  
[2021-10-09 01:10:33] production.INFO: {"@type"  
[2021-10-09 01:10:33] production.INFO: 6  
[2021-10-09 01:10:33] production.INFO: "AggregateRating","bestRating"  
[2021-10-09 01:10:33] production.INFO: 7  
[2021-10-09 01:10:33] production.INFO: "5","ratingCount"  
[2021-10-09 01:10:33] production.INFO: 8  
[2021-10-09 01:10:33] production.INFO: "10","ratingValue"  
[2021-10-09 01:10:33] production.INFO: 9  
[2021-10-09 01:10:33] production.INFO: "4.3","worstRating"  
[2021-10-09 01:10:33] production.INFO: 10  
[2021-10-09 01:10:33] production.INFO: "1"},"offers"  
[2021-10-09 01:10:33] production.INFO: 11  
[2021-10-09 01:10:33] production.INFO: {"@type"  
[2021-10-09 01:10:33] production.INFO: 12  
[2021-10-09 01:10:33] production.INFO: "AggregateOffer","lowPrice"  
[2021-10-09 01:10:33] production.INFO: 13  
[2021-10-09 01:10:33] production.INFO: "4749.99","priceCurrency"  
[2021-10-09 01:10:33] production.INFO: 14  
[2021-10-09 01:10:33] production.INFO: "BRL","offerCount"  
[2021-10-09 01:10:33] production.INFO: 15  
[2021-10-09 01:10:33] production.INFO: "11"  
[2021-10-09 01:12:14] production.INFO: 0  
[2021-10-09 01:12:14] production.INFO: ,{"@type"  
[2021-10-09 01:12:14] production.INFO: 1  
[2021-10-09 01:12:14] production.INFO: "Product","name"  
[2021-10-09 01:12:14] production.INFO: 2  
[2021-10-09 01:12:14] production.INFO: "Samsung Smart Tv 70\" Uhd 4k 70au7700, Processador Crystal 4k, Tela Sem Limites, Visual Livre De Cabos, Alexa Built In.","image"  
[2021-10-09 01:12:14] production.INFO: 3  
[2021-10-09 01:12:14] production.INFO: "https  
[2021-10-09 01:12:14] production.INFO: 4  
[2021-10-09 01:12:14] production.INFO: //images-submarino.b2w.io/produtos/01/00/img/3069544/7/3069544719_1GG.jpg","aggregateRating"  
[2021-10-09 01:12:14] production.INFO: 5  
[2021-10-09 01:12:14] production.INFO: {"@type"  
[2021-10-09 01:12:14] production.INFO: 6  
[2021-10-09 01:12:14] production.INFO: "AggregateRating","bestRating"  
[2021-10-09 01:12:14] production.INFO: 7  
[2021-10-09 01:12:14] production.INFO: "5","ratingCount"  
[2021-10-09 01:12:14] production.INFO: 8  
[2021-10-09 01:12:14] production.INFO: "10","ratingValue"  
[2021-10-09 01:12:14] production.INFO: 9  
[2021-10-09 01:12:14] production.INFO: "4.3","worstRating"  
[2021-10-09 01:12:14] production.INFO: 10  
[2021-10-09 01:12:14] production.INFO: "1"},"offers"  
[2021-10-09 01:12:14] production.INFO: 11  
[2021-10-09 01:12:14] production.INFO: {"@type"  
[2021-10-09 01:12:14] production.INFO: 12  
[2021-10-09 01:12:14] production.INFO: "AggregateOffer","lowPrice"  
[2021-10-09 01:12:14] production.INFO: 13  
[2021-10-09 01:12:14] production.INFO: "4749.99","priceCurrency"  
[2021-10-09 01:12:14] production.INFO: 14  
[2021-10-09 01:12:14] production.INFO: "BRL","offerCount"  
[2021-10-09 01:12:14] production.INFO: 15  
[2021-10-09 01:12:14] production.INFO: "11"  
[2021-10-09 01:12:44] production.INFO: 0  
[2021-10-09 01:12:44] production.INFO: ,{"@type"  
[2021-10-09 01:12:44] production.INFO: 1  
[2021-10-09 01:12:44] production.INFO: "Product","name"  
[2021-10-09 01:12:44] production.INFO: 2  
[2021-10-09 01:12:44] production.INFO: "Samsung Smart Tv 70\" Uhd 4k 70au7700, Processador Crystal 4k, Tela Sem Limites, Visual Livre De Cabos, Alexa Built In.","image"  
[2021-10-09 01:12:44] production.INFO: 3  
[2021-10-09 01:12:44] production.INFO: "https  
[2021-10-09 01:12:44] production.INFO: 4  
[2021-10-09 01:12:44] production.INFO: //images-submarino.b2w.io/produtos/01/00/img/3069544/7/3069544719_1GG.jpg","aggregateRating"  
[2021-10-09 01:12:44] production.INFO: 5  
[2021-10-09 01:12:44] production.INFO: {"@type"  
[2021-10-09 01:12:44] production.INFO: 6  
[2021-10-09 01:12:44] production.INFO: "AggregateRating","bestRating"  
[2021-10-09 01:12:44] production.INFO: 7  
[2021-10-09 01:12:44] production.INFO: "5","ratingCount"  
[2021-10-09 01:12:44] production.INFO: 8  
[2021-10-09 01:12:44] production.INFO: "10","ratingValue"  
[2021-10-09 01:12:44] production.INFO: 9  
[2021-10-09 01:12:44] production.INFO: "4.3","worstRating"  
[2021-10-09 01:12:44] production.INFO: 10  
[2021-10-09 01:12:44] production.INFO: "1"},"offers"  
[2021-10-09 01:12:44] production.INFO: 11  
[2021-10-09 01:12:44] production.INFO: {"@type"  
[2021-10-09 01:12:44] production.INFO: 12  
[2021-10-09 01:12:44] production.INFO: "AggregateOffer","lowPrice"  
[2021-10-09 01:12:44] production.INFO: 13  
[2021-10-09 01:12:44] production.INFO: "4749.99","priceCurrency"  
[2021-10-09 01:12:44] production.INFO: 14  
[2021-10-09 01:12:44] production.INFO: "BRL","offerCount"  
[2021-10-09 01:12:44] production.INFO: 15  
[2021-10-09 01:12:44] production.INFO: "11"  
[2021-10-09 01:16:34] production.INFO: 0  
[2021-10-09 01:16:34] production.INFO: ,{"@type"  
[2021-10-09 01:16:34] production.INFO: 1  
[2021-10-09 01:16:34] production.INFO: "Product","name"  
[2021-10-09 01:16:34] production.INFO: 2  
[2021-10-09 01:16:34] production.INFO: "Samsung Smart Tv 65\" Crystal Uhd 4k 65au8000, Painel Dynamic Crystal Color, Design Slim, Tela Sem Limites","image"  
[2021-10-09 01:16:34] production.INFO: 3  
[2021-10-09 01:16:34] production.INFO: "https  
[2021-10-09 01:16:34] production.INFO: 4  
[2021-10-09 01:16:34] production.INFO: //images-submarino.b2w.io/produtos/01/00/img/3069509/6/3069509606_1GG.jpg","aggregateRating"  
[2021-10-09 01:16:34] production.INFO: 5  
[2021-10-09 01:16:34] production.INFO: {"@type"  
[2021-10-09 01:16:34] production.INFO: 6  
[2021-10-09 01:16:34] production.INFO: "AggregateRating","bestRating"  
[2021-10-09 01:16:34] production.INFO: 7  
[2021-10-09 01:16:34] production.INFO: "5","ratingCount"  
[2021-10-09 01:16:34] production.INFO: 8  
[2021-10-09 01:16:34] production.INFO: "3","ratingValue"  
[2021-10-09 01:16:34] production.INFO: 9  
[2021-10-09 01:16:34] production.INFO: "4.6666665","worstRating"  
[2021-10-09 01:16:34] production.INFO: 10  
[2021-10-09 01:16:34] production.INFO: "1"},"offers"  
[2021-10-09 01:16:34] production.INFO: 11  
[2021-10-09 01:16:34] production.INFO: {"@type"  
[2021-10-09 01:16:34] production.INFO: 12  
[2021-10-09 01:16:34] production.INFO: "AggregateOffer","lowPrice"  
[2021-10-09 01:16:34] production.INFO: 13  
[2021-10-09 01:16:34] production.INFO: "4274.99","priceCurrency"  
[2021-10-09 01:16:34] production.INFO: 14  
[2021-10-09 01:16:34] production.INFO: "BRL","offerCount"  
[2021-10-09 01:16:34] production.INFO: 15  
[2021-10-09 01:16:34] production.INFO: "4"  
[2021-10-09 01:17:02] production.INFO: 0  
[2021-10-09 01:17:02] production.INFO: ,{"@type"  
[2021-10-09 01:17:02] production.INFO: 1  
[2021-10-09 01:17:02] production.INFO: "Product","name"  
[2021-10-09 01:17:02] production.INFO: 2  
[2021-10-09 01:17:02] production.INFO: "Smart TV LED 55” LG 55NANO85 4K NanoCell 120hz Freesync 2 Hdmi 2.1 Inteligência Artificial ThinQ Google Alexa","image"  
[2021-10-09 01:17:02] production.INFO: 3  
[2021-10-09 01:17:02] production.INFO: "https  
[2021-10-09 01:17:02] production.INFO: 4  
[2021-10-09 01:17:02] production.INFO: //images-submarino.b2w.io/produtos/01/00/img/3280463/9/3280463949_1GG.jpg","offers"  
[2021-10-09 01:17:02] production.INFO: 5  
[2021-10-09 01:17:02] production.INFO: {"@type"  
[2021-10-09 01:17:02] production.INFO: 6  
[2021-10-09 01:17:02] production.INFO: "AggregateOffer","lowPrice"  
[2021-10-09 01:17:02] production.INFO: 7  
[2021-10-09 01:17:02] production.INFO: "4236.23","priceCurrency"  
[2021-10-09 01:17:02] production.INFO: 8  
[2021-10-09 01:17:02] production.INFO: "BRL","offerCount"  
[2021-10-09 01:17:02] production.INFO: 9  
[2021-10-09 01:17:02] production.INFO: "4"  
[2021-10-09 01:30:23] production.INFO: 0  
[2021-10-09 01:30:23] production.INFO: ,{"@type"  
[2021-10-09 01:30:23] production.INFO: 1  
[2021-10-09 01:30:23] production.INFO: "Product","name"  
[2021-10-09 01:30:23] production.INFO: 2  
[2021-10-09 01:30:23] production.INFO: "Smart TV LED 55” LG 55NANO85 4K NanoCell 120hz Freesync 2 Hdmi 2.1 Inteligência Artificial ThinQ Google Alexa","image"  
[2021-10-09 01:30:23] production.INFO: 3  
[2021-10-09 01:30:23] production.INFO: "https  
[2021-10-09 01:30:23] production.INFO: 4  
[2021-10-09 01:30:23] production.INFO: //images-submarino.b2w.io/produtos/01/00/img/3280463/9/3280463949_1GG.jpg","offers"  
[2021-10-09 01:30:23] production.INFO: 5  
[2021-10-09 01:30:23] production.INFO: {"@type"  
[2021-10-09 01:30:23] production.INFO: 6  
[2021-10-09 01:30:23] production.INFO: "AggregateOffer","lowPrice"  
[2021-10-09 01:30:23] production.INFO: 7  
[2021-10-09 01:30:23] production.INFO: "4236.23","priceCurrency"  
[2021-10-09 01:30:23] production.INFO: 8  
[2021-10-09 01:30:23] production.INFO: "BRL","offerCount"  
[2021-10-09 01:30:23] production.INFO: 9  
[2021-10-09 01:30:23] production.INFO: "4"  
[2021-10-09 01:55:26] production.INFO: 0  
[2021-10-09 01:55:26] production.INFO: ,"itemListElement"  
[2021-10-09 01:55:26] production.INFO: 1  
[2021-10-09 01:55:26] production.INFO: [{"@type"  
[2021-10-09 01:55:26] production.INFO: 2  
[2021-10-09 01:55:26] production.INFO: "Product","name"  
[2021-10-09 01:55:26] production.INFO: 3  
[2021-10-09 01:55:26] production.INFO: "Samsung Smart Tv 55\" Qled 4k 55q70a, Modo Game, Processador Ia, Som Em Movimento Virtual, Tela Sem Limites.","image"  
[2021-10-09 01:55:26] production.INFO: 4  
[2021-10-09 01:55:26] production.INFO: "https  
[2021-10-09 01:55:26] production.INFO: 5  
[2021-10-09 01:55:26] production.INFO: //images-submarino.b2w.io/produtos/01/00/img/3060874/8/3060874851_1GG.jpg","aggregateRating"  
[2021-10-09 01:55:26] production.INFO: 6  
[2021-10-09 01:55:26] production.INFO: {"@type"  
[2021-10-09 01:55:26] production.INFO: 7  
[2021-10-09 01:55:26] production.INFO: "AggregateRating","bestRating"  
[2021-10-09 01:55:26] production.INFO: 8  
[2021-10-09 01:55:26] production.INFO: "5","ratingCount"  
[2021-10-09 01:55:26] production.INFO: 9  
[2021-10-09 01:55:26] production.INFO: "3","ratingValue"  
[2021-10-09 01:55:26] production.INFO: 10  
[2021-10-09 01:55:26] production.INFO: "3.3333333","worstRating"  
[2021-10-09 01:55:26] production.INFO: 11  
[2021-10-09 01:55:26] production.INFO: "1"},"offers"  
[2021-10-09 01:55:26] production.INFO: 12  
[2021-10-09 01:55:26] production.INFO: {"@type"  
[2021-10-09 01:55:26] production.INFO: 13  
[2021-10-09 01:55:26] production.INFO: "AggregateOffer","lowPrice"  
[2021-10-09 01:55:26] production.INFO: 14  
[2021-10-09 01:55:26] production.INFO: "4169.54","priceCurrency"  
[2021-10-09 01:55:27] production.INFO: 15  
[2021-10-09 01:55:27] production.INFO: "BRL","offerCount"  
[2021-10-09 01:55:27] production.INFO: 16  
[2021-10-09 01:55:27] production.INFO: "4"  
[2021-10-09 01:55:27] production.INFO: 0  
[2021-10-09 01:55:27] production.INFO: ,{"@type"  
[2021-10-09 01:55:27] production.INFO: 1  
[2021-10-09 01:55:27] production.INFO: "Product","name"  
[2021-10-09 01:55:27] production.INFO: 2  
[2021-10-09 01:55:27] production.INFO: "Smart TV LED 55” LG 55NANO85 4K NanoCell 120hz Freesync 2 Hdmi 2.1 Inteligência Artificial ThinQ Google Alexa","image"  
[2021-10-09 01:55:27] production.INFO: 3  
[2021-10-09 01:55:27] production.INFO: "https  
[2021-10-09 01:55:27] production.INFO: 4  
[2021-10-09 01:55:27] production.INFO: //images-submarino.b2w.io/produtos/01/00/img/3280463/9/3280463949_1GG.jpg","offers"  
[2021-10-09 01:55:27] production.INFO: 5  
[2021-10-09 01:55:27] production.INFO: {"@type"  
[2021-10-09 01:55:27] production.INFO: 6  
[2021-10-09 01:55:27] production.INFO: "AggregateOffer","lowPrice"  
[2021-10-09 01:55:27] production.INFO: 7  
[2021-10-09 01:55:27] production.INFO: "4236.23","priceCurrency"  
[2021-10-09 01:55:27] production.INFO: 8  
[2021-10-09 01:55:27] production.INFO: "BRL","offerCount"  
[2021-10-09 01:55:27] production.INFO: 9  
[2021-10-09 01:55:27] production.INFO: "4"  
[2021-10-09 01:55:27] production.INFO: 0  
[2021-10-09 01:55:27] production.INFO: ,{"@type"  
[2021-10-09 01:55:27] production.INFO: 1  
[2021-10-09 01:55:27] production.INFO: "Product","name"  
[2021-10-09 01:55:27] production.INFO: 2  
[2021-10-09 01:55:27] production.INFO: "Samsung Smart Tv 75\" Crystal Uhd 4k 75au8000, Painel Dynamic Crystal Color, Design Slim, Tela Sem Limites.","image"  
[2021-10-09 01:55:27] production.INFO: 3  
[2021-10-09 01:55:27] production.INFO: "https  
[2021-10-09 01:55:27] production.INFO: 4  
[2021-10-09 01:55:27] production.INFO: //images-submarino.b2w.io/produtos/01/00/img/3069509/5/3069509500_1GG.jpg","aggregateRating"  
[2021-10-09 01:55:27] production.INFO: 5  
[2021-10-09 01:55:27] production.INFO: {"@type"  
[2021-10-09 01:55:27] production.INFO: 6  
[2021-10-09 01:55:27] production.INFO: "AggregateRating","bestRating"  
[2021-10-09 01:55:27] production.INFO: 7  
[2021-10-09 01:55:27] production.INFO: "5","ratingCount"  
[2021-10-09 01:55:27] production.INFO: 8  
[2021-10-09 01:55:27] production.INFO: "1","ratingValue"  
[2021-10-09 01:55:27] production.INFO: 9  
[2021-10-09 01:55:27] production.INFO: "5","worstRating"  
[2021-10-09 01:55:27] production.INFO: 10  
[2021-10-09 01:55:27] production.INFO: "1"},"offers"  
[2021-10-09 01:55:27] production.INFO: 11  
[2021-10-09 01:55:27] production.INFO: {"@type"  
[2021-10-09 01:55:27] production.INFO: 12  
[2021-10-09 01:55:27] production.INFO: "AggregateOffer","lowPrice"  
[2021-10-09 01:55:27] production.INFO: 13  
[2021-10-09 01:55:27] production.INFO: "6798.98","priceCurrency"  
[2021-10-09 01:55:27] production.INFO: 14  
[2021-10-09 01:55:27] production.INFO: "BRL","offerCount"  
[2021-10-09 01:55:27] production.INFO: 15  
[2021-10-09 01:55:27] production.INFO: "3"  
[2021-10-09 01:55:27] production.INFO: 0  
[2021-10-09 01:55:27] production.INFO: ,{"@type"  
[2021-10-09 01:55:27] production.INFO: 1  
[2021-10-09 01:55:27] production.INFO: "Product","name"  
[2021-10-09 01:55:27] production.INFO: 2  
[2021-10-09 01:55:27] production.INFO: "Android Tv Led 43\" Tcl 43s6500 Bluetooth, Controle Remoto Com Comando De Voz E Google Assistant","image"  
[2021-10-09 01:55:27] production.INFO: 3  
[2021-10-09 01:55:27] production.INFO: "https  
[2021-10-09 01:55:27] production.INFO: 4  
[2021-10-09 01:55:27] production.INFO: //images-submarino.b2w.io/produtos/01/00/img/134256/0/134256010_1GG.jpg","aggregateRating"  
[2021-10-09 01:55:27] production.INFO: 5  
[2021-10-09 01:55:27] production.INFO: {"@type"  
[2021-10-09 01:55:27] production.INFO: 6  
[2021-10-09 01:55:27] production.INFO: "AggregateRating","bestRating"  
[2021-10-09 01:55:27] production.INFO: 7  
[2021-10-09 01:55:27] production.INFO: "5","ratingCount"  
[2021-10-09 01:55:27] production.INFO: 8  
[2021-10-09 01:55:27] production.INFO: "10","ratingValue"  
[2021-10-09 01:55:27] production.INFO: 9  
[2021-10-09 01:55:27] production.INFO: "2.9","worstRating"  
[2021-10-09 01:55:27] production.INFO: 10  
[2021-10-09 01:55:27] production.INFO: "1"},"offers"  
[2021-10-09 01:55:27] production.INFO: 11  
[2021-10-09 01:55:27] production.INFO: {"@type"  
[2021-10-09 01:55:27] production.INFO: 12  
[2021-10-09 01:55:27] production.INFO: "AggregateOffer","lowPrice"  
[2021-10-09 01:55:27] production.INFO: 13  
[2021-10-09 01:55:27] production.INFO: "1899.99","priceCurrency"  
[2021-10-09 01:55:27] production.INFO: 14  
[2021-10-09 01:55:27] production.INFO: "BRL","offerCount"  
[2021-10-09 01:55:27] production.INFO: 15  
[2021-10-09 01:55:27] production.INFO: "15"  
[2021-10-09 01:55:27] production.INFO: 0  
[2021-10-09 01:55:27] production.INFO: ,{"@type"  
[2021-10-09 01:55:27] production.INFO: 1  
[2021-10-09 01:55:27] production.INFO: "Product","name"  
[2021-10-09 01:55:27] production.INFO: 2  
[2021-10-09 01:55:27] production.INFO: "Samsung Smart Tv 65\" Qled 4k 65q80a, Modo Game, Processador Ia, Som Em Movimento, Tela Sem Limites.","image"  
[2021-10-09 01:55:27] production.INFO: 3  
[2021-10-09 01:55:27] production.INFO: "https  
[2021-10-09 01:55:27] production.INFO: 4  
[2021-10-09 01:55:27] production.INFO: //images-submarino.b2w.io/produtos/01/00/img/3060873/4/3060873479_1GG.jpg","offers"  
[2021-10-09 01:55:27] production.INFO: 5  
[2021-10-09 01:55:27] production.INFO: {"@type"  
[2021-10-09 01:55:27] production.INFO: 6  
[2021-10-09 01:55:27] production.INFO: "AggregateOffer","lowPrice"  
[2021-10-09 01:55:27] production.INFO: 7  
[2021-10-09 01:55:27] production.INFO: "7314.99","priceCurrency"  
[2021-10-09 01:55:27] production.INFO: 8  
[2021-10-09 01:55:27] production.INFO: "BRL","offerCount"  
[2021-10-09 01:55:27] production.INFO: 9  
[2021-10-09 01:55:27] production.INFO: "3"  
[2021-10-09 01:55:27] production.INFO: 0  
[2021-10-09 01:55:27] production.INFO: ,{"@type"  
[2021-10-09 01:55:27] production.INFO: 1  
[2021-10-09 01:55:27] production.INFO: "Product","name"  
[2021-10-09 01:55:27] production.INFO: 2  
[2021-10-09 01:55:27] production.INFO: "Smart TV LED 75” LG 75UP8050 4K UHD Wi-Fi Bluetooth HDR Inteligência Artificial ThinQ Smart Magic Google Alexa","image"  
[2021-10-09 01:55:27] production.INFO: 3  
[2021-10-09 01:55:27] production.INFO: "https  
[2021-10-09 01:55:27] production.INFO: 4  
[2021-10-09 01:55:27] production.INFO: //images-submarino.b2w.io/produtos/01/00/img/3280457/0/3280457063_1GG.jpg","offers"  
[2021-10-09 01:55:27] production.INFO: 5  
[2021-10-09 01:55:27] production.INFO: {"@type"  
[2021-10-09 01:55:27] production.INFO: 6  
[2021-10-09 01:55:27] production.INFO: "AggregateOffer","lowPrice"  
[2021-10-09 01:55:27] production.INFO: 7  
[2021-10-09 01:55:27] production.INFO: "5699.99","priceCurrency"  
[2021-10-09 01:55:27] production.INFO: 8  
[2021-10-09 01:55:27] production.INFO: "BRL","offerCount"  
[2021-10-09 01:55:27] production.INFO: 9  
[2021-10-09 01:55:27] production.INFO: "2"  
[2021-10-09 01:55:27] production.INFO: 0  
[2021-10-09 01:55:27] production.INFO: ,{"@type"  
[2021-10-09 01:55:27] production.INFO: 1  
[2021-10-09 01:55:27] production.INFO: "Product","name"  
[2021-10-09 01:55:27] production.INFO: 2  
[2021-10-09 01:55:27] production.INFO: "Smart TV LG 65\" 4K NanoCell 65NANO75 3x HDMI 2.0 Inteligência Artificial Thinqai Smart Magic Google Alexa","image"  
[2021-10-09 01:55:27] production.INFO: 3  
[2021-10-09 01:55:27] production.INFO: "https  
[2021-10-09 01:55:27] production.INFO: 4  
[2021-10-09 01:55:27] production.INFO: //images-submarino.b2w.io/produtos/01/00/img/3397039/6/3397039674_1GG.jpg","offers"  
[2021-10-09 01:55:27] production.INFO: 5  
[2021-10-09 01:55:27] production.INFO: {"@type"  
[2021-10-09 01:55:27] production.INFO: 6  
[2021-10-09 01:55:27] production.INFO: "AggregateOffer","lowPrice"  
[2021-10-09 01:55:27] production.INFO: 7  
[2021-10-09 01:55:27] production.INFO: "5129.99","priceCurrency"  
[2021-10-09 01:55:27] production.INFO: 8  
[2021-10-09 01:55:27] production.INFO: "BRL","offerCount"  
[2021-10-09 01:55:27] production.INFO: 9  
[2021-10-09 01:55:27] production.INFO: "1"  
[2021-10-09 01:55:27] production.INFO: 0  
[2021-10-09 01:55:27] production.INFO: ,{"@type"  
[2021-10-09 01:55:27] production.INFO: 1  
[2021-10-09 01:55:27] production.INFO: "Product","name"  
[2021-10-09 01:55:27] production.INFO: 2  
[2021-10-09 01:55:27] production.INFO: "Smart TV LED 55'' Philips 55PUG6794 4K Ultra HD AMBILIGHT 3 lados HDR10+ Dolby Vision Dolby Atmos Bluetooth Wifi 3 HDMI 2 USB - Prata","image"  
[2021-10-09 01:55:27] production.INFO: 3  
[2021-10-09 01:55:27] production.INFO: "https  
[2021-10-09 01:55:27] production.INFO: 4  
[2021-10-09 01:55:27] production.INFO: //images-submarino.b2w.io/produtos/01/00/img/1466785/2/1466785268_1GG.jpg","aggregateRating"  
[2021-10-09 01:55:27] production.INFO: 5  
[2021-10-09 01:55:27] production.INFO: {"@type"  
[2021-10-09 01:55:27] production.INFO: 6  
[2021-10-09 01:55:27] production.INFO: "AggregateRating","bestRating"  
[2021-10-09 01:55:27] production.INFO: 7  
[2021-10-09 01:55:27] production.INFO: "5","ratingCount"  
[2021-10-09 01:55:27] production.INFO: 8  
[2021-10-09 01:55:27] production.INFO: "6","ratingValue"  
[2021-10-09 01:55:27] production.INFO: 9  
[2021-10-09 01:55:27] production.INFO: "3.6666667","worstRating"  
[2021-10-09 01:55:27] production.INFO: 10  
[2021-10-09 01:55:27] production.INFO: "1"},"offers"  
[2021-10-09 01:55:27] production.INFO: 11  
[2021-10-09 01:55:27] production.INFO: {"@type"  
[2021-10-09 01:55:27] production.INFO: 12  
[2021-10-09 01:55:27] production.INFO: "AggregateOffer","lowPrice"  
[2021-10-09 01:55:27] production.INFO: 13  
[2021-10-09 01:55:27] production.INFO: "3599.99","priceCurrency"  
[2021-10-09 01:55:27] production.INFO: 14  
[2021-10-09 01:55:27] production.INFO: "BRL","offerCount"  
[2021-10-09 01:55:27] production.INFO: 15  
[2021-10-09 01:55:27] production.INFO: "2"  
[2021-10-09 01:55:27] production.INFO: 0  
[2021-10-09 01:55:27] production.INFO: ,{"@type"  
[2021-10-09 01:55:27] production.INFO: 1  
[2021-10-09 01:55:27] production.INFO: "Product","name"  
[2021-10-09 01:55:27] production.INFO: 2  
[2021-10-09 01:55:27] production.INFO: "Smart TV OLED 65'' LG OLED65CX Ultra HD 4K WiFi Bluetooth HDR Inteligência Artificial ThinQAI Smart Magic Google Assistente Alexa","image"  
[2021-10-09 01:55:27] production.INFO: 3  
[2021-10-09 01:55:27] production.INFO: "https  
[2021-10-09 01:55:27] production.INFO: 4  
[2021-10-09 01:55:27] production.INFO: //images-submarino.b2w.io/produtos/01/00/img/1735043/1/1735043183_1GG.jpg","aggregateRating"  
[2021-10-09 01:55:27] production.INFO: 5  
[2021-10-09 01:55:27] production.INFO: {"@type"  
[2021-10-09 01:55:27] production.INFO: 6  
[2021-10-09 01:55:27] production.INFO: "AggregateRating","bestRating"  
[2021-10-09 01:55:27] production.INFO: 7  
[2021-10-09 01:55:27] production.INFO: "5","ratingCount"  
[2021-10-09 01:55:27] production.INFO: 8  
[2021-10-09 01:55:27] production.INFO: "1","ratingValue"  
[2021-10-09 01:55:27] production.INFO: 9  
[2021-10-09 01:55:27] production.INFO: "3","worstRating"  
[2021-10-09 01:55:27] production.INFO: 10  
[2021-10-09 01:55:27] production.INFO: "1"},"offers"  
[2021-10-09 01:55:27] production.INFO: 11  
[2021-10-09 01:55:27] production.INFO: {"@type"  
[2021-10-09 01:55:27] production.INFO: 12  
[2021-10-09 01:55:27] production.INFO: "AggregateOffer","lowPrice"  
[2021-10-09 01:55:27] production.INFO: 13  
[2021-10-09 01:55:27] production.INFO: "9199.99","priceCurrency"  
[2021-10-09 01:55:27] production.INFO: 14  
[2021-10-09 01:55:27] production.INFO: "BRL","offerCount"  
[2021-10-09 01:55:27] production.INFO: 15  
[2021-10-09 01:55:27] production.INFO: "1"  
[2021-10-09 01:55:27] production.INFO: 0  
[2021-10-09 01:55:27] production.INFO: ,{"@type"  
[2021-10-09 01:55:27] production.INFO: 1  
[2021-10-09 01:55:27] production.INFO: "Product","name"  
[2021-10-09 01:55:27] production.INFO: 2  
[2021-10-09 01:55:27] production.INFO: "Smart TV 55\" LG 55UN731C 4K UHD 3 HDMI 2 USB Wi-Fi Assitente Virtual Bluetooth","image"  
[2021-10-09 01:55:27] production.INFO: 3  
[2021-10-09 01:55:27] production.INFO: "https  
[2021-10-09 01:55:27] production.INFO: 4  
[2021-10-09 01:55:27] production.INFO: //images-submarino.b2w.io/produtos/01/00/img/1902702/4/1902702474_1GG.jpg","aggregateRating"  
[2021-10-09 01:55:27] production.INFO: 5  
[2021-10-09 01:55:27] production.INFO: {"@type"  
[2021-10-09 01:55:27] production.INFO: 6  
[2021-10-09 01:55:27] production.INFO: "AggregateRating","bestRating"  
[2021-10-09 01:55:27] production.INFO: 7  
[2021-10-09 01:55:27] production.INFO: "5","ratingCount"  
[2021-10-09 01:55:27] production.INFO: 8  
[2021-10-09 01:55:27] production.INFO: "1","ratingValue"  
[2021-10-09 01:55:27] production.INFO: 9  
[2021-10-09 01:55:27] production.INFO: "4","worstRating"  
[2021-10-09 01:55:27] production.INFO: 10  
[2021-10-09 01:55:27] production.INFO: "1"},"offers"  
[2021-10-09 01:55:27] production.INFO: 11  
[2021-10-09 01:55:27] production.INFO: {"@type"  
[2021-10-09 01:55:27] production.INFO: 12  
[2021-10-09 01:55:27] production.INFO: "AggregateOffer","lowPrice"  
[2021-10-09 01:55:27] production.INFO: 13  
[2021-10-09 01:55:27] production.INFO: "3275.91","priceCurrency"  
[2021-10-09 01:55:27] production.INFO: 14  
[2021-10-09 01:55:27] production.INFO: "BRL","offerCount"  
[2021-10-09 01:55:27] production.INFO: 15  
[2021-10-09 01:55:27] production.INFO: "5"  
[2021-10-09 01:55:27] production.INFO: 0  
[2021-10-09 01:55:27] production.INFO: ,{"@type"  
[2021-10-09 01:55:27] production.INFO: 1  
[2021-10-09 01:55:27] production.INFO: "Product","name"  
[2021-10-09 01:55:27] production.INFO: 2  
[2021-10-09 01:55:27] production.INFO: "Smart TV 50\" LG 50UN731C UHD 4K 3 HDMI 2 USB Wi-Fi Assitente Virtual Bluetooth","image"  
[2021-10-09 01:55:27] production.INFO: 3  
[2021-10-09 01:55:27] production.INFO: "https  
[2021-10-09 01:55:27] production.INFO: 4  
[2021-10-09 01:55:27] production.INFO: //images-submarino.b2w.io/produtos/01/00/img/1902703/1/1902703127_1GG.jpg","aggregateRating"  
[2021-10-09 01:55:27] production.INFO: 5  
[2021-10-09 01:55:27] production.INFO: {"@type"  
[2021-10-09 01:55:27] production.INFO: 6  
[2021-10-09 01:55:27] production.INFO: "AggregateRating","bestRating"  
[2021-10-09 01:55:27] production.INFO: 7  
[2021-10-09 01:55:27] production.INFO: "5","ratingCount"  
[2021-10-09 01:55:27] production.INFO: 8  
[2021-10-09 01:55:27] production.INFO: "2","ratingValue"  
[2021-10-09 01:55:27] production.INFO: 9  
[2021-10-09 01:55:27] production.INFO: "4.5","worstRating"  
[2021-10-09 01:55:27] production.INFO: 10  
[2021-10-09 01:55:27] production.INFO: "1"},"offers"  
[2021-10-09 01:55:27] production.INFO: 11  
[2021-10-09 01:55:27] production.INFO: {"@type"  
[2021-10-09 01:55:27] production.INFO: 12  
[2021-10-09 01:55:27] production.INFO: "AggregateOffer","lowPrice"  
[2021-10-09 01:55:27] production.INFO: 13  
[2021-10-09 01:55:27] production.INFO: "2848.13","priceCurrency"  
[2021-10-09 01:55:27] production.INFO: 14  
[2021-10-09 01:55:27] production.INFO: "BRL","offerCount"  
[2021-10-09 01:55:27] production.INFO: 15  
[2021-10-09 01:55:27] production.INFO: "3"  
[2021-10-09 01:55:27] production.INFO: 0  
[2021-10-09 01:55:27] production.INFO: ,{"@type"  
[2021-10-09 01:55:27] production.INFO: 1  
[2021-10-09 01:55:27] production.INFO: "Product","name"  
[2021-10-09 01:55:27] production.INFO: 2  
[2021-10-09 01:55:27] production.INFO: "Lg Smart Tv Pro Ai 32\" 32lm621cbsb.awz","image"  
[2021-10-09 01:55:27] production.INFO: 3  
[2021-10-09 01:55:27] production.INFO: "https  
[2021-10-09 01:55:27] production.INFO: 4  
[2021-10-09 01:55:27] production.INFO: //images-submarino.b2w.io/produtos/01/00/img/1328314/2/1328314231_1GG.jpg","aggregateRating"  
[2021-10-09 01:55:27] production.INFO: 5  
[2021-10-09 01:55:27] production.INFO: {"@type"  
[2021-10-09 01:55:27] production.INFO: 6  
[2021-10-09 01:55:27] production.INFO: "AggregateRating","bestRating"  
[2021-10-09 01:55:27] production.INFO: 7  
[2021-10-09 01:55:27] production.INFO: "5","ratingCount"  
[2021-10-09 01:55:27] production.INFO: 8  
[2021-10-09 01:55:27] production.INFO: "1","ratingValue"  
[2021-10-09 01:55:27] production.INFO: 9  
[2021-10-09 01:55:27] production.INFO: "4","worstRating"  
[2021-10-09 01:55:27] production.INFO: 10  
[2021-10-09 01:55:27] production.INFO: "1"},"offers"  
[2021-10-09 01:55:27] production.INFO: 11  
[2021-10-09 01:55:27] production.INFO: {"@type"  
[2021-10-09 01:55:27] production.INFO: 12  
[2021-10-09 01:55:27] production.INFO: "AggregateOffer","lowPrice"  
[2021-10-09 01:55:27] production.INFO: 13  
[2021-10-09 01:55:27] production.INFO: "1466.1","priceCurrency"  
[2021-10-09 01:55:27] production.INFO: 14  
[2021-10-09 01:55:27] production.INFO: "BRL","offerCount"  
[2021-10-09 01:55:27] production.INFO: 15  
[2021-10-09 01:55:27] production.INFO: "4"  
[2021-10-09 01:55:27] production.INFO: 0  
[2021-10-09 01:55:27] production.INFO: ,{"@type"  
[2021-10-09 01:55:27] production.INFO: 1  
[2021-10-09 01:55:27] production.INFO: "Product","name"  
[2021-10-09 01:55:27] production.INFO: 2  
[2021-10-09 01:55:27] production.INFO: "Smart TV LED 65” LG 65NANO85 4K NanoCell 120hz Freesync 2 Hdmi 2.1 Inteligência Artificial ThinQ Google Alexa","image"  
[2021-10-09 01:55:27] production.INFO: 3  
[2021-10-09 01:55:27] production.INFO: "https  
[2021-10-09 01:55:27] production.INFO: 4  
[2021-10-09 01:55:27] production.INFO: //images-submarino.b2w.io/produtos/01/00/img/3280457/1/3280457135_1GG.jpg","offers"  
[2021-10-09 01:55:27] production.INFO: 5  
[2021-10-09 01:55:27] production.INFO: {"@type"  
[2021-10-09 01:55:27] production.INFO: 6  
[2021-10-09 01:55:27] production.INFO: "AggregateOffer","lowPrice"  
[2021-10-09 01:55:27] production.INFO: 7  
[2021-10-09 01:55:27] production.INFO: "6399.99","priceCurrency"  
[2021-10-09 01:55:27] production.INFO: 8  
[2021-10-09 01:55:27] production.INFO: "BRL","offerCount"  
[2021-10-09 01:55:27] production.INFO: 9  
[2021-10-09 01:55:27] production.INFO: "3"  
[2021-10-09 01:55:27] production.INFO: 0  
[2021-10-09 01:55:27] production.INFO: ,{"@type"  
[2021-10-09 01:55:27] production.INFO: 1  
[2021-10-09 01:55:27] production.INFO: "Product","name"  
[2021-10-09 01:55:27] production.INFO: 2  
[2021-10-09 01:55:27] production.INFO: "Smart TV LG OLED 65\" 4K OLED65C1 120hz G-Sync Freesync 4x HDMI 2.1 Inteligência Artificial Thinq Google Alexa","image"  
[2021-10-09 01:55:27] production.INFO: 3  
[2021-10-09 01:55:27] production.INFO: "https  
[2021-10-09 01:55:27] production.INFO: 4  
[2021-10-09 01:55:27] production.INFO: //images-submarino.b2w.io/produtos/01/00/img/3280462/7/3280462719_1GG.jpg","offers"  
[2021-10-09 01:55:27] production.INFO: 5  
[2021-10-09 01:55:27] production.INFO: {"@type"  
[2021-10-09 01:55:27] production.INFO: 6  
[2021-10-09 01:55:27] production.INFO: "AggregateOffer","lowPrice"  
[2021-10-09 01:55:27] production.INFO: 7  
[2021-10-09 01:55:27] production.INFO: "11999.99","priceCurrency"  
[2021-10-09 01:55:27] production.INFO: 8  
[2021-10-09 01:55:27] production.INFO: "BRL","offerCount"  
[2021-10-09 01:55:27] production.INFO: 9  
[2021-10-09 01:55:27] production.INFO: "1"  
[2021-10-09 01:55:27] production.INFO: 0  
[2021-10-09 01:55:27] production.INFO: ,{"@type"  
[2021-10-09 01:55:27] production.INFO: 1  
[2021-10-09 01:55:27] production.INFO: "Product","name"  
[2021-10-09 01:55:27] production.INFO: 2  
[2021-10-09 01:55:27] production.INFO: "Smart TV LED 65'' LG 65NANO81 Ultra HD 4K NanoCell IPS WiFi Bluetooth HDR Inteligencia Artificial ThinQAI Google Assistente Alexa IOT","image"  
[2021-10-09 01:55:27] production.INFO: 3  
[2021-10-09 01:55:27] production.INFO: "https  
[2021-10-09 01:55:27] production.INFO: 4  
[2021-10-09 01:55:27] production.INFO: //images-submarino.b2w.io/produtos/01/00/img/1733188/6/1733188688_1GG.jpg","aggregateRating"  
[2021-10-09 01:55:27] production.INFO: 5  
[2021-10-09 01:55:27] production.INFO: {"@type"  
[2021-10-09 01:55:27] production.INFO: 6  
[2021-10-09 01:55:27] production.INFO: "AggregateRating","bestRating"  
[2021-10-09 01:55:27] production.INFO: 7  
[2021-10-09 01:55:27] production.INFO: "5","ratingCount"  
[2021-10-09 01:55:27] production.INFO: 8  
[2021-10-09 01:55:27] production.INFO: "4","ratingValue"  
[2021-10-09 01:55:27] production.INFO: 9  
[2021-10-09 01:55:27] production.INFO: "4.25","worstRating"  
[2021-10-09 01:55:27] production.INFO: 10  
[2021-10-09 01:55:27] production.INFO: "1"},"offers"  
[2021-10-09 01:55:27] production.INFO: 11  
[2021-10-09 01:55:27] production.INFO: {"@type"  
[2021-10-09 01:55:27] production.INFO: 12  
[2021-10-09 01:55:27] production.INFO: "AggregateOffer","lowPrice"  
[2021-10-09 01:55:27] production.INFO: 13  
[2021-10-09 01:55:27] production.INFO: "5555.54","priceCurrency"  
[2021-10-09 01:55:27] production.INFO: 14  
[2021-10-09 01:55:27] production.INFO: "BRL","offerCount"  
[2021-10-09 01:55:27] production.INFO: 15  
[2021-10-09 01:55:27] production.INFO: "2"  
[2021-10-09 01:55:27] production.INFO: 0  
[2021-10-09 01:55:27] production.INFO: ,{"@type"  
[2021-10-09 01:55:27] production.INFO: 1  
[2021-10-09 01:55:27] production.INFO: "Product","name"  
[2021-10-09 01:55:27] production.INFO: 2  
[2021-10-09 01:55:27] production.INFO: "Smart TV LED 32\" Panasonic TC-32FS500B","image"  
[2021-10-09 01:55:27] production.INFO: 3  
[2021-10-09 01:55:27] production.INFO: "https  
[2021-10-09 01:55:27] production.INFO: 4  
[2021-10-09 01:55:27] production.INFO: //images-submarino.b2w.io/produtos/01/00/img/1903221/5/1903221541_1GG.jpg","aggregateRating"  
[2021-10-09 01:55:27] production.INFO: 5  
[2021-10-09 01:55:27] production.INFO: {"@type"  
[2021-10-09 01:55:27] production.INFO: 6  
[2021-10-09 01:55:27] production.INFO: "AggregateRating","bestRating"  
[2021-10-09 01:55:27] production.INFO: 7  
[2021-10-09 01:55:27] production.INFO: "5","ratingCount"  
[2021-10-09 01:55:27] production.INFO: 8  
[2021-10-09 01:55:27] production.INFO: "2","ratingValue"  
[2021-10-09 01:55:27] production.INFO: 9  
[2021-10-09 01:55:27] production.INFO: "3","worstRating"  
[2021-10-09 01:55:27] production.INFO: 10  
[2021-10-09 01:55:27] production.INFO: "1"},"offers"  
[2021-10-09 01:55:27] production.INFO: 11  
[2021-10-09 01:55:27] production.INFO: {"@type"  
[2021-10-09 01:55:27] production.INFO: 12  
[2021-10-09 01:55:27] production.INFO: "AggregateOffer","lowPrice"  
[2021-10-09 01:55:27] production.INFO: 13  
[2021-10-09 01:55:27] production.INFO: "1521.95","priceCurrency"  
[2021-10-09 01:55:27] production.INFO: 14  
[2021-10-09 01:55:27] production.INFO: "BRL","offerCount"  
[2021-10-09 01:55:27] production.INFO: 15  
[2021-10-09 01:55:27] production.INFO: "14"  
[2021-10-09 01:55:27] production.INFO: 0  
[2021-10-09 01:55:27] production.INFO: ,{"@type"  
[2021-10-09 01:55:27] production.INFO: 1  
[2021-10-09 01:55:27] production.INFO: "Product","name"  
[2021-10-09 01:55:27] production.INFO: 2  
[2021-10-09 01:55:27] production.INFO: "Smart TV LED 50'' Philips 50PUG6654/78 Ultra HD 4k, Design sem Bordas HDR10+ Dolby Vision Dolby Atmos Bluetooth 3 HDMI 2 USB 60 HZ - Prata","image"  
[2021-10-09 01:55:27] production.INFO: 3  
[2021-10-09 01:55:27] production.INFO: "https  
[2021-10-09 01:55:27] production.INFO: 4  
[2021-10-09 01:55:27] production.INFO: //images-submarino.b2w.io/produtos/01/00/img/1497513/9/1497513901_1GG.jpg","aggregateRating"  
[2021-10-09 01:55:27] production.INFO: 5  
[2021-10-09 01:55:27] production.INFO: {"@type"  
[2021-10-09 01:55:27] production.INFO: 6  
[2021-10-09 01:55:27] production.INFO: "AggregateRating","bestRating"  
[2021-10-09 01:55:27] production.INFO: 7  
[2021-10-09 01:55:27] production.INFO: "5","ratingCount"  
[2021-10-09 01:55:27] production.INFO: 8  
[2021-10-09 01:55:27] production.INFO: "17","ratingValue"  
[2021-10-09 01:55:27] production.INFO: 9  
[2021-10-09 01:55:27] production.INFO: "3.5882354","worstRating"  
[2021-10-09 01:55:27] production.INFO: 10  
[2021-10-09 01:55:27] production.INFO: "1"},"offers"  
[2021-10-09 01:55:27] production.INFO: 11  
[2021-10-09 01:55:27] production.INFO: {"@type"  
[2021-10-09 01:55:27] production.INFO: 12  
[2021-10-09 01:55:27] production.INFO: "AggregateOffer","lowPrice"  
[2021-10-09 01:55:27] production.INFO: 13  
[2021-10-09 01:55:27] production.INFO: "2699.1","priceCurrency"  
[2021-10-09 01:55:27] production.INFO: 14  
[2021-10-09 01:55:27] production.INFO: "BRL","offerCount"  
[2021-10-09 01:55:27] production.INFO: 15  
[2021-10-09 01:55:27] production.INFO: "9"  
[2021-10-09 01:55:27] production.INFO: 0  
[2021-10-09 01:55:27] production.INFO: ,{"@type"  
[2021-10-09 01:55:27] production.INFO: 1  
[2021-10-09 01:55:27] production.INFO: "Product","name"  
[2021-10-09 01:55:27] production.INFO: 2  
[2021-10-09 01:55:27] production.INFO: "Samsung Smart TV LED 40'' Tizen FHD 40T5300 2020 + Cabo HDMI 1.4 1,8 m High Speed w/ Ethernet","image"  
[2021-10-09 01:55:27] production.INFO: 3  
[2021-10-09 01:55:27] production.INFO: "https  
[2021-10-09 01:55:27] production.INFO: 4  
[2021-10-09 01:55:27] production.INFO: //images-submarino.b2w.io/produtos/01/00/img7/01/00/item/2925528/7/2925528747_1GG.jpg","offers"  
[2021-10-09 01:55:27] production.INFO: 5  
[2021-10-09 01:55:27] production.INFO: {"@type"  
[2021-10-09 01:55:27] production.INFO: 6  
[2021-10-09 01:55:27] production.INFO: "AggregateOffer","lowPrice"  
[2021-10-09 01:55:27] production.INFO: 7  
[2021-10-09 01:55:27] production.INFO: "2587.9","priceCurrency"  
[2021-10-09 01:55:27] production.INFO: 8  
[2021-10-09 01:55:27] production.INFO: "BRL","offerCount"  
[2021-10-09 01:55:27] production.INFO: 9  
[2021-10-09 01:55:27] production.INFO: "1"  
[2021-10-09 01:55:27] production.INFO: 0  
[2021-10-09 01:55:27] production.INFO: ,{"@type"  
[2021-10-09 01:55:27] production.INFO: 1  
[2021-10-09 01:55:27] production.INFO: "Product","name"  
[2021-10-09 01:55:27] production.INFO: 2  
[2021-10-09 01:55:27] production.INFO: "Samsung Smart TV 50\" QLED 4K The Frame 2021 50LS03A, Design Slim, Suporte de parede Slim Incluso, Única Conexão, Molduras customizáveis, Modo Arte","image"  
[2021-10-09 01:55:27] production.INFO: 3  
[2021-10-09 01:55:27] production.INFO: "https  
[2021-10-09 01:55:27] production.INFO: 4  
[2021-10-09 01:55:27] production.INFO: //images-submarino.b2w.io/produtos/01/00/img/3060872/9/3060872994_1GG.jpg","offers"  
[2021-10-09 01:55:27] production.INFO: 5  
[2021-10-09 01:55:27] production.INFO: {"@type"  
[2021-10-09 01:55:27] production.INFO: 6  
[2021-10-09 01:55:27] production.INFO: "AggregateOffer","lowPrice"  
[2021-10-09 01:55:27] production.INFO: 7  
[2021-10-09 01:55:27] production.INFO: "3658.43","priceCurrency"  
[2021-10-09 01:55:27] production.INFO: 8  
[2021-10-09 01:55:27] production.INFO: "BRL","offerCount"  
[2021-10-09 01:55:27] production.INFO: 9  
[2021-10-09 01:55:27] production.INFO: "4"  
[2021-10-09 01:55:27] production.INFO: 0  
[2021-10-09 01:55:27] production.INFO: ,{"@type"  
[2021-10-09 01:55:27] production.INFO: 1  
[2021-10-09 01:55:27] production.INFO: "Product","name"  
[2021-10-09 01:55:27] production.INFO: 2  
[2021-10-09 01:55:27] production.INFO: "Smart TV LED 55” LG 55NANO80 4K NanoCell 4x Hdmi 2.0 Inteligência Artificial Thinqai Smart Magic Google Alexa","image"  
[2021-10-09 01:55:27] production.INFO: 3  
[2021-10-09 01:55:27] production.INFO: "https  
[2021-10-09 01:55:27] production.INFO: 4  
[2021-10-09 01:55:27] production.INFO: //images-submarino.b2w.io/produtos/01/00/img/3280459/7/3280459721_1GG.jpg","offers"  
[2021-10-09 01:55:27] production.INFO: 5  
[2021-10-09 01:55:27] production.INFO: {"@type"  
[2021-10-09 01:55:27] production.INFO: 6  
[2021-10-09 01:55:27] production.INFO: "AggregateOffer","lowPrice"  
[2021-10-09 01:55:27] production.INFO: 7  
[2021-10-09 01:55:27] production.INFO: "4179.99","priceCurrency"  
[2021-10-09 01:55:27] production.INFO: 8  
[2021-10-09 01:55:27] production.INFO: "BRL","offerCount"  
[2021-10-09 01:55:27] production.INFO: 9  
[2021-10-09 01:55:27] production.INFO: "1"  
[2021-10-09 01:55:27] production.INFO: 0  
[2021-10-09 01:55:27] production.INFO: ,{"@type"  
[2021-10-09 01:55:27] production.INFO: 1  
[2021-10-09 01:55:27] production.INFO: "Product","name"  
[2021-10-09 01:55:27] production.INFO: 2  
[2021-10-09 01:55:27] production.INFO: "Samsung Smart Tv 65\" Qled 4k 65q60a, Modo Game, Som Em Movimento Virtual, Tela Sem Limites, Design Slim.","image"  
[2021-10-09 01:55:27] production.INFO: 3  
[2021-10-09 01:55:27] production.INFO: "https  
[2021-10-09 01:55:27] production.INFO: 4  
[2021-10-09 01:55:27] production.INFO: //images-submarino.b2w.io/produtos/01/00/img/3060873/4/3060873487_1GG.jpg","offers"  
[2021-10-09 01:55:27] production.INFO: 5  
[2021-10-09 01:55:27] production.INFO: {"@type"  
[2021-10-09 01:55:27] production.INFO: 6  
[2021-10-09 01:55:27] production.INFO: "AggregateOffer","lowPrice"  
[2021-10-09 01:55:27] production.INFO: 7  
[2021-10-09 01:55:27] production.INFO: "6299.99","priceCurrency"  
[2021-10-09 01:55:27] production.INFO: 8  
[2021-10-09 01:55:27] production.INFO: "BRL","offerCount"  
[2021-10-09 01:55:27] production.INFO: 9  
[2021-10-09 01:55:27] production.INFO: "8"  
[2021-10-09 01:55:27] production.INFO: 0  
[2021-10-09 01:55:27] production.INFO: ,{"@type"  
[2021-10-09 01:55:27] production.INFO: 1  
[2021-10-09 01:55:27] production.INFO: "Product","name"  
[2021-10-09 01:55:27] production.INFO: 2  
[2021-10-09 01:55:27] production.INFO: "Samsung Smart TV Crystal uhd TU7020 4K 2020 58 Design sem Limites, Controle Remoto Único, Bluetooth","image"  
[2021-10-09 01:55:27] production.INFO: 3  
[2021-10-09 01:55:27] production.INFO: "https  
[2021-10-09 01:55:27] production.INFO: 4  
[2021-10-09 01:55:27] production.INFO: //images-submarino.b2w.io/produtos/2031101728/imagens/samsung-smart-tv-crystal-uhd-tu7020-4k-2020-58-design-sem-limites-controle-remoto-unico-bluetooth/2031101761_1_large.jpg","offers"  
[2021-10-09 01:55:27] production.INFO: 5  
[2021-10-09 01:55:27] production.INFO: {"@type"  
[2021-10-09 01:55:27] production.INFO: 6  
[2021-10-09 01:55:27] production.INFO: "AggregateOffer","lowPrice"  
[2021-10-09 01:55:27] production.INFO: 7  
[2021-10-09 01:55:27] production.INFO: "2399","priceCurrency"  
[2021-10-09 01:55:27] production.INFO: 8  
[2021-10-09 01:55:27] production.INFO: "BRL","offerCount"  
[2021-10-09 01:55:27] production.INFO: 9  
[2021-10-09 01:55:27] production.INFO: "1"  
[2021-10-09 01:55:27] production.INFO: 0  
[2021-10-09 01:55:27] production.INFO: ,{"@type"  
[2021-10-09 01:55:27] production.INFO: 1  
[2021-10-09 01:55:27] production.INFO: "Product","name"  
[2021-10-09 01:55:27] production.INFO: 2  
[2021-10-09 01:55:27] production.INFO: "Smart TV Philips 70” LED Ultra HD 4K HDR Wi-Fi HDMI – 70PUG6774/78 - Cinza","image"  
[2021-10-09 01:55:27] production.INFO: 3  
[2021-10-09 01:55:27] production.INFO: "https  
[2021-10-09 01:55:27] production.INFO: 4  
[2021-10-09 01:55:27] production.INFO: //images-submarino.b2w.io/produtos/01/00/img/1288636/6/1288636630_1GG.jpg","aggregateRating"  
[2021-10-09 01:55:27] production.INFO: 5  
[2021-10-09 01:55:27] production.INFO: {"@type"  
[2021-10-09 01:55:27] production.INFO: 6  
[2021-10-09 01:55:27] production.INFO: "AggregateRating","bestRating"  
[2021-10-09 01:55:27] production.INFO: 7  
[2021-10-09 01:55:27] production.INFO: "5","ratingCount"  
[2021-10-09 01:55:27] production.INFO: 8  
[2021-10-09 01:55:27] production.INFO: "1","ratingValue"  
[2021-10-09 01:55:27] production.INFO: 9  
[2021-10-09 01:55:27] production.INFO: "3","worstRating"  
[2021-10-09 01:55:27] production.INFO: 10  
[2021-10-09 01:55:27] production.INFO: "1"},"offers"  
[2021-10-09 01:55:27] production.INFO: 11  
[2021-10-09 01:55:27] production.INFO: {"@type"  
[2021-10-09 01:55:27] production.INFO: 12  
[2021-10-09 01:55:27] production.INFO: "AggregateOffer","lowPrice"  
[2021-10-09 01:55:27] production.INFO: 13  
[2021-10-09 01:55:27] production.INFO: "4049.91","priceCurrency"  
[2021-10-09 01:55:27] production.INFO: 14  
[2021-10-09 01:55:27] production.INFO: "BRL","offerCount"  
[2021-10-09 01:55:27] production.INFO: 15  
[2021-10-09 01:55:27] production.INFO: "1"  
[2021-10-09 01:55:27] production.INFO: 0  
[2021-10-09 01:55:27] production.INFO: ,{"@type"  
[2021-10-09 01:55:27] production.INFO: 1  
[2021-10-09 01:55:27] production.INFO: "Product","name"  
[2021-10-09 01:55:27] production.INFO: 2  
[2021-10-09 01:55:27] production.INFO: "Smart TV QLED 55\" UHD 4K Samsung The Frame QN55LS03TAG Modo Arte Modo Ambiente 3.0 com Molduras Customizáveis Única Conexão - 2020","image"  
[2021-10-09 01:55:27] production.INFO: 3  
[2021-10-09 01:55:27] production.INFO: "https  
[2021-10-09 01:55:27] production.INFO: 4  
[2021-10-09 01:55:27] production.INFO: //images-submarino.b2w.io/produtos/01/00/img/1803603/3/1803603340_1GG.jpg","aggregateRating"  
[2021-10-09 01:55:27] production.INFO: 5  
[2021-10-09 01:55:27] production.INFO: {"@type"  
[2021-10-09 01:55:27] production.INFO: 6  
[2021-10-09 01:55:27] production.INFO: "AggregateRating","bestRating"  
[2021-10-09 01:55:27] production.INFO: 7  
[2021-10-09 01:55:27] production.INFO: "5","ratingCount"  
[2021-10-09 01:55:27] production.INFO: 8  
[2021-10-09 01:55:27] production.INFO: "1","ratingValue"  
[2021-10-09 01:55:27] production.INFO: 9  
[2021-10-09 01:55:27] production.INFO: "5","worstRating"  
[2021-10-09 01:55:27] production.INFO: 10  
[2021-10-09 01:55:27] production.INFO: "1"},"offers"  
[2021-10-09 01:55:27] production.INFO: 11  
[2021-10-09 01:55:27] production.INFO: {"@type"  
[2021-10-09 01:55:27] production.INFO: 12  
[2021-10-09 01:55:27] production.INFO: "AggregateOffer","lowPrice"  
[2021-10-09 01:55:27] production.INFO: 13  
[2021-10-09 01:55:27] production.INFO: "5599.99","priceCurrency"  
[2021-10-09 01:55:27] production.INFO: 14  
[2021-10-09 01:55:27] production.INFO: "BRL","offerCount"  
[2021-10-09 01:55:27] production.INFO: 15  
[2021-10-09 01:55:27] production.INFO: "2"  
[2021-10-09 01:55:27] production.INFO: 0  
[2021-10-09 01:55:27] production.INFO: ]}],"  
