[2021-03-05 02:32:45] production.ERROR: Call to undefined method Symfony\Component\DomCrawler\Crawler::getText() {"exception":"[object] (Error(code: 0): Call to undefined method Symfony\\Component\\DomCrawler\\Crawler::getText() at /var/www/html/app/Services/CralwerService.php:26)
[stacktrace]
#0 /var/www/html/vendor/symfony/dom-crawler/Crawler.php(345): App\\Services\\CralwerService->App\\Services\\{closure}(Object(Symfony\\Component\\DomCrawler\\Crawler), 0)
#1 /var/www/html/app/Services/CralwerService.php(27): Symfony\\Component\\DomCrawler\\Crawler->each(Object(Closure))
#2 /var/www/html/app/Http/Controllers/OfferController.php(23): App\\Services\\CralwerService->getPageData('3')
#3 /var/www/html/vendor/illuminate/container/BoundMethod.php(36): App\\Http\\Controllers\\OfferController->get('3')
#4 /var/www/html/vendor/illuminate/container/Util.php(37): Illuminate\\Container\\BoundMethod::Illuminate\\Container\\{closure}()
#5 /var/www/html/vendor/illuminate/container/BoundMethod.php(93): Illuminate\\Container\\Util::unwrapIfClosure(Object(Closure))
#6 /var/www/html/vendor/illuminate/container/BoundMethod.php(37): Illuminate\\Container\\BoundMethod::callBoundMethod(Object(Laravel\\Lumen\\Application), Array, Object(Closure))
#7 /var/www/html/vendor/illuminate/container/Container.php(596): Illuminate\\Container\\BoundMethod::call(Object(Laravel\\Lumen\\Application), Array, Array, NULL)
#8 /var/www/html/vendor/laravel/lumen-framework/src/Concerns/RoutesRequests.php(386): Illuminate\\Container\\Container->call(Array, Array)
#9 /var/www/html/vendor/laravel/lumen-framework/src/Concerns/RoutesRequests.php(352): Laravel\\Lumen\\Application->callControllerCallable(Array, Array)
#10 /var/www/html/vendor/laravel/lumen-framework/src/Concerns/RoutesRequests.php(326): Laravel\\Lumen\\Application->callLumenController(Object(App\\Http\\Controllers\\OfferController), 'get', Array)
#11 /var/www/html/vendor/laravel/lumen-framework/src/Concerns/RoutesRequests.php(279): Laravel\\Lumen\\Application->callControllerAction(Array)
#12 /var/www/html/vendor/laravel/lumen-framework/src/Concerns/RoutesRequests.php(264): Laravel\\Lumen\\Application->callActionOnArrayBasedRoute(Array)
#13 /var/www/html/vendor/laravel/lumen-framework/src/Concerns/RoutesRequests.php(234): Laravel\\Lumen\\Application->handleFoundRoute(Array)
#14 /var/www/html/vendor/laravel/lumen-framework/src/Concerns/RoutesRequests.php(170): Laravel\\Lumen\\Application->handleDispatcherResponse(Array)
#15 /var/www/html/vendor/laravel/lumen-framework/src/Concerns/RoutesRequests.php(426): Laravel\\Lumen\\Application->Laravel\\Lumen\\Concerns\\{closure}(Object(Laravel\\Lumen\\Http\\Request))
#16 /var/www/html/vendor/laravel/lumen-framework/src/Concerns/RoutesRequests.php(172): Laravel\\Lumen\\Application->sendThroughPipeline(Array, Object(Closure))
#17 /var/www/html/vendor/laravel/lumen-framework/src/Concerns/RoutesRequests.php(109): Laravel\\Lumen\\Application->dispatch(NULL)
#18 /var/www/html/public/index.php(28): Laravel\\Lumen\\Application->run()
#19 {main}
"} 
[2021-03-05 02:45:47] production.ERROR: Undefined property: Symfony\Component\DomCrawler\Crawler::$firstChild {"exception":"[object] (ErrorException(code: 0): Undefined property: Symfony\\Component\\DomCrawler\\Crawler::$firstChild at /var/www/html/app/Services/CralwerService.php:24)
[stacktrace]
#0 /var/www/html/app/Services/CralwerService.php(24): Laravel\\Lumen\\Application->Laravel\\Lumen\\Concerns\\{closure}(8, 'Undefined prope...', '/var/www/html/a...', 24, Array)
#1 /var/www/html/app/Http/Controllers/OfferController.php(23): App\\Services\\CralwerService->getPageData('3')
#2 /var/www/html/vendor/illuminate/container/BoundMethod.php(36): App\\Http\\Controllers\\OfferController->get('3')
#3 /var/www/html/vendor/illuminate/container/Util.php(37): Illuminate\\Container\\BoundMethod::Illuminate\\Container\\{closure}()
#4 /var/www/html/vendor/illuminate/container/BoundMethod.php(93): Illuminate\\Container\\Util::unwrapIfClosure(Object(Closure))
#5 /var/www/html/vendor/illuminate/container/BoundMethod.php(37): Illuminate\\Container\\BoundMethod::callBoundMethod(Object(Laravel\\Lumen\\Application), Array, Object(Closure))
#6 /var/www/html/vendor/illuminate/container/Container.php(596): Illuminate\\Container\\BoundMethod::call(Object(Laravel\\Lumen\\Application), Array, Array, NULL)
#7 /var/www/html/vendor/laravel/lumen-framework/src/Concerns/RoutesRequests.php(386): Illuminate\\Container\\Container->call(Array, Array)
#8 /var/www/html/vendor/laravel/lumen-framework/src/Concerns/RoutesRequests.php(352): Laravel\\Lumen\\Application->callControllerCallable(Array, Array)
#9 /var/www/html/vendor/laravel/lumen-framework/src/Concerns/RoutesRequests.php(326): Laravel\\Lumen\\Application->callLumenController(Object(App\\Http\\Controllers\\OfferController), 'get', Array)
#10 /var/www/html/vendor/laravel/lumen-framework/src/Concerns/RoutesRequests.php(279): Laravel\\Lumen\\Application->callControllerAction(Array)
#11 /var/www/html/vendor/laravel/lumen-framework/src/Concerns/RoutesRequests.php(264): Laravel\\Lumen\\Application->callActionOnArrayBasedRoute(Array)
#12 /var/www/html/vendor/laravel/lumen-framework/src/Concerns/RoutesRequests.php(234): Laravel\\Lumen\\Application->handleFoundRoute(Array)
#13 /var/www/html/vendor/laravel/lumen-framework/src/Concerns/RoutesRequests.php(170): Laravel\\Lumen\\Application->handleDispatcherResponse(Array)
#14 /var/www/html/vendor/laravel/lumen-framework/src/Concerns/RoutesRequests.php(426): Laravel\\Lumen\\Application->Laravel\\Lumen\\Concerns\\{closure}(Object(Laravel\\Lumen\\Http\\Request))
#15 /var/www/html/vendor/laravel/lumen-framework/src/Concerns/RoutesRequests.php(172): Laravel\\Lumen\\Application->sendThroughPipeline(Array, Object(Closure))
#16 /var/www/html/vendor/laravel/lumen-framework/src/Concerns/RoutesRequests.php(109): Laravel\\Lumen\\Application->dispatch(NULL)
#17 /var/www/html/public/index.php(28): Laravel\\Lumen\\Application->run()
#18 {main}
"} 
[2021-03-05 02:45:55] production.ERROR: Call to undefined method Symfony\Component\DomCrawler\Crawler::firstChild() {"exception":"[object] (Error(code: 0): Call to undefined method Symfony\\Component\\DomCrawler\\Crawler::firstChild() at /var/www/html/app/Services/CralwerService.php:24)
[stacktrace]
#0 /var/www/html/app/Http/Controllers/OfferController.php(23): App\\Services\\CralwerService->getPageData('3')
#1 /var/www/html/vendor/illuminate/container/BoundMethod.php(36): App\\Http\\Controllers\\OfferController->get('3')
#2 /var/www/html/vendor/illuminate/container/Util.php(37): Illuminate\\Container\\BoundMethod::Illuminate\\Container\\{closure}()
#3 /var/www/html/vendor/illuminate/container/BoundMethod.php(93): Illuminate\\Container\\Util::unwrapIfClosure(Object(Closure))
#4 /var/www/html/vendor/illuminate/container/BoundMethod.php(37): Illuminate\\Container\\BoundMethod::callBoundMethod(Object(Laravel\\Lumen\\Application), Array, Object(Closure))
#5 /var/www/html/vendor/illuminate/container/Container.php(596): Illuminate\\Container\\BoundMethod::call(Object(Laravel\\Lumen\\Application), Array, Array, NULL)
#6 /var/www/html/vendor/laravel/lumen-framework/src/Concerns/RoutesRequests.php(386): Illuminate\\Container\\Container->call(Array, Array)
#7 /var/www/html/vendor/laravel/lumen-framework/src/Concerns/RoutesRequests.php(352): Laravel\\Lumen\\Application->callControllerCallable(Array, Array)
#8 /var/www/html/vendor/laravel/lumen-framework/src/Concerns/RoutesRequests.php(326): Laravel\\Lumen\\Application->callLumenController(Object(App\\Http\\Controllers\\OfferController), 'get', Array)
#9 /var/www/html/vendor/laravel/lumen-framework/src/Concerns/RoutesRequests.php(279): Laravel\\Lumen\\Application->callControllerAction(Array)
#10 /var/www/html/vendor/laravel/lumen-framework/src/Concerns/RoutesRequests.php(264): Laravel\\Lumen\\Application->callActionOnArrayBasedRoute(Array)
#11 /var/www/html/vendor/laravel/lumen-framework/src/Concerns/RoutesRequests.php(234): Laravel\\Lumen\\Application->handleFoundRoute(Array)
#12 /var/www/html/vendor/laravel/lumen-framework/src/Concerns/RoutesRequests.php(170): Laravel\\Lumen\\Application->handleDispatcherResponse(Array)
#13 /var/www/html/vendor/laravel/lumen-framework/src/Concerns/RoutesRequests.php(426): Laravel\\Lumen\\Application->Laravel\\Lumen\\Concerns\\{closure}(Object(Laravel\\Lumen\\Http\\Request))
#14 /var/www/html/vendor/laravel/lumen-framework/src/Concerns/RoutesRequests.php(172): Laravel\\Lumen\\Application->sendThroughPipeline(Array, Object(Closure))
#15 /var/www/html/vendor/laravel/lumen-framework/src/Concerns/RoutesRequests.php(109): Laravel\\Lumen\\Application->dispatch(NULL)
#16 /var/www/html/public/index.php(28): Laravel\\Lumen\\Application->run()
#17 {main}
"} 
[2021-03-05 02:46:33] production.ERROR: Cannot access private property Symfony\Component\DomCrawler\Crawler::$document {"exception":"[object] (Error(code: 0): Cannot access private property Symfony\\Component\\DomCrawler\\Crawler::$document at /var/www/html/app/Services/CralwerService.php:24)
[stacktrace]
#0 /var/www/html/app/Http/Controllers/OfferController.php(23): App\\Services\\CralwerService->getPageData('3')
#1 /var/www/html/vendor/illuminate/container/BoundMethod.php(36): App\\Http\\Controllers\\OfferController->get('3')
#2 /var/www/html/vendor/illuminate/container/Util.php(37): Illuminate\\Container\\BoundMethod::Illuminate\\Container\\{closure}()
#3 /var/www/html/vendor/illuminate/container/BoundMethod.php(93): Illuminate\\Container\\Util::unwrapIfClosure(Object(Closure))
#4 /var/www/html/vendor/illuminate/container/BoundMethod.php(37): Illuminate\\Container\\BoundMethod::callBoundMethod(Object(Laravel\\Lumen\\Application), Array, Object(Closure))
#5 /var/www/html/vendor/illuminate/container/Container.php(596): Illuminate\\Container\\BoundMethod::call(Object(Laravel\\Lumen\\Application), Array, Array, NULL)
#6 /var/www/html/vendor/laravel/lumen-framework/src/Concerns/RoutesRequests.php(386): Illuminate\\Container\\Container->call(Array, Array)
#7 /var/www/html/vendor/laravel/lumen-framework/src/Concerns/RoutesRequests.php(352): Laravel\\Lumen\\Application->callControllerCallable(Array, Array)
#8 /var/www/html/vendor/laravel/lumen-framework/src/Concerns/RoutesRequests.php(326): Laravel\\Lumen\\Application->callLumenController(Object(App\\Http\\Controllers\\OfferController), 'get', Array)
#9 /var/www/html/vendor/laravel/lumen-framework/src/Concerns/RoutesRequests.php(279): Laravel\\Lumen\\Application->callControllerAction(Array)
#10 /var/www/html/vendor/laravel/lumen-framework/src/Concerns/RoutesRequests.php(264): Laravel\\Lumen\\Application->callActionOnArrayBasedRoute(Array)
#11 /var/www/html/vendor/laravel/lumen-framework/src/Concerns/RoutesRequests.php(234): Laravel\\Lumen\\Application->handleFoundRoute(Array)
#12 /var/www/html/vendor/laravel/lumen-framework/src/Concerns/RoutesRequests.php(170): Laravel\\Lumen\\Application->handleDispatcherResponse(Array)
#13 /var/www/html/vendor/laravel/lumen-framework/src/Concerns/RoutesRequests.php(426): Laravel\\Lumen\\Application->Laravel\\Lumen\\Concerns\\{closure}(Object(Laravel\\Lumen\\Http\\Request))
#14 /var/www/html/vendor/laravel/lumen-framework/src/Concerns/RoutesRequests.php(172): Laravel\\Lumen\\Application->sendThroughPipeline(Array, Object(Closure))
#15 /var/www/html/vendor/laravel/lumen-framework/src/Concerns/RoutesRequests.php(109): Laravel\\Lumen\\Application->dispatch(NULL)
#16 /var/www/html/public/index.php(28): Laravel\\Lumen\\Application->run()
#17 {main}
"} 
[2021-03-05 02:46:42] production.ERROR: Cannot access private property Symfony\Component\DomCrawler\Crawler::$document {"exception":"[object] (Error(code: 0): Cannot access private property Symfony\\Component\\DomCrawler\\Crawler::$document at /var/www/html/app/Services/CralwerService.php:24)
[stacktrace]
#0 /var/www/html/app/Http/Controllers/OfferController.php(23): App\\Services\\CralwerService->getPageData('3')
#1 /var/www/html/vendor/illuminate/container/BoundMethod.php(36): App\\Http\\Controllers\\OfferController->get('3')
#2 /var/www/html/vendor/illuminate/container/Util.php(37): Illuminate\\Container\\BoundMethod::Illuminate\\Container\\{closure}()
#3 /var/www/html/vendor/illuminate/container/BoundMethod.php(93): Illuminate\\Container\\Util::unwrapIfClosure(Object(Closure))
#4 /var/www/html/vendor/illuminate/container/BoundMethod.php(37): Illuminate\\Container\\BoundMethod::callBoundMethod(Object(Laravel\\Lumen\\Application), Array, Object(Closure))
#5 /var/www/html/vendor/illuminate/container/Container.php(596): Illuminate\\Container\\BoundMethod::call(Object(Laravel\\Lumen\\Application), Array, Array, NULL)
#6 /var/www/html/vendor/laravel/lumen-framework/src/Concerns/RoutesRequests.php(386): Illuminate\\Container\\Container->call(Array, Array)
#7 /var/www/html/vendor/laravel/lumen-framework/src/Concerns/RoutesRequests.php(352): Laravel\\Lumen\\Application->callControllerCallable(Array, Array)
#8 /var/www/html/vendor/laravel/lumen-framework/src/Concerns/RoutesRequests.php(326): Laravel\\Lumen\\Application->callLumenController(Object(App\\Http\\Controllers\\OfferController), 'get', Array)
#9 /var/www/html/vendor/laravel/lumen-framework/src/Concerns/RoutesRequests.php(279): Laravel\\Lumen\\Application->callControllerAction(Array)
#10 /var/www/html/vendor/laravel/lumen-framework/src/Concerns/RoutesRequests.php(264): Laravel\\Lumen\\Application->callActionOnArrayBasedRoute(Array)
#11 /var/www/html/vendor/laravel/lumen-framework/src/Concerns/RoutesRequests.php(234): Laravel\\Lumen\\Application->handleFoundRoute(Array)
#12 /var/www/html/vendor/laravel/lumen-framework/src/Concerns/RoutesRequests.php(170): Laravel\\Lumen\\Application->handleDispatcherResponse(Array)
#13 /var/www/html/vendor/laravel/lumen-framework/src/Concerns/RoutesRequests.php(426): Laravel\\Lumen\\Application->Laravel\\Lumen\\Concerns\\{closure}(Object(Laravel\\Lumen\\Http\\Request))
#14 /var/www/html/vendor/laravel/lumen-framework/src/Concerns/RoutesRequests.php(172): Laravel\\Lumen\\Application->sendThroughPipeline(Array, Object(Closure))
#15 /var/www/html/vendor/laravel/lumen-framework/src/Concerns/RoutesRequests.php(109): Laravel\\Lumen\\Application->dispatch(NULL)
#16 /var/www/html/public/index.php(28): Laravel\\Lumen\\Application->run()
#17 {main}
"} 
[2021-03-05 02:46:50] production.ERROR: Cannot access private property Symfony\Component\DomCrawler\Crawler::$document {"exception":"[object] (Error(code: 0): Cannot access private property Symfony\\Component\\DomCrawler\\Crawler::$document at /var/www/html/app/Services/CralwerService.php:24)
[stacktrace]
#0 /var/www/html/app/Http/Controllers/OfferController.php(23): App\\Services\\CralwerService->getPageData('3')
#1 /var/www/html/vendor/illuminate/container/BoundMethod.php(36): App\\Http\\Controllers\\OfferController->get('3')
#2 /var/www/html/vendor/illuminate/container/Util.php(37): Illuminate\\Container\\BoundMethod::Illuminate\\Container\\{closure}()
#3 /var/www/html/vendor/illuminate/container/BoundMethod.php(93): Illuminate\\Container\\Util::unwrapIfClosure(Object(Closure))
#4 /var/www/html/vendor/illuminate/container/BoundMethod.php(37): Illuminate\\Container\\BoundMethod::callBoundMethod(Object(Laravel\\Lumen\\Application), Array, Object(Closure))
#5 /var/www/html/vendor/illuminate/container/Container.php(596): Illuminate\\Container\\BoundMethod::call(Object(Laravel\\Lumen\\Application), Array, Array, NULL)
#6 /var/www/html/vendor/laravel/lumen-framework/src/Concerns/RoutesRequests.php(386): Illuminate\\Container\\Container->call(Array, Array)
#7 /var/www/html/vendor/laravel/lumen-framework/src/Concerns/RoutesRequests.php(352): Laravel\\Lumen\\Application->callControllerCallable(Array, Array)
#8 /var/www/html/vendor/laravel/lumen-framework/src/Concerns/RoutesRequests.php(326): Laravel\\Lumen\\Application->callLumenController(Object(App\\Http\\Controllers\\OfferController), 'get', Array)
#9 /var/www/html/vendor/laravel/lumen-framework/src/Concerns/RoutesRequests.php(279): Laravel\\Lumen\\Application->callControllerAction(Array)
#10 /var/www/html/vendor/laravel/lumen-framework/src/Concerns/RoutesRequests.php(264): Laravel\\Lumen\\Application->callActionOnArrayBasedRoute(Array)
#11 /var/www/html/vendor/laravel/lumen-framework/src/Concerns/RoutesRequests.php(234): Laravel\\Lumen\\Application->handleFoundRoute(Array)
#12 /var/www/html/vendor/laravel/lumen-framework/src/Concerns/RoutesRequests.php(170): Laravel\\Lumen\\Application->handleDispatcherResponse(Array)
#13 /var/www/html/vendor/laravel/lumen-framework/src/Concerns/RoutesRequests.php(426): Laravel\\Lumen\\Application->Laravel\\Lumen\\Concerns\\{closure}(Object(Laravel\\Lumen\\Http\\Request))
#14 /var/www/html/vendor/laravel/lumen-framework/src/Concerns/RoutesRequests.php(172): Laravel\\Lumen\\Application->sendThroughPipeline(Array, Object(Closure))
#15 /var/www/html/vendor/laravel/lumen-framework/src/Concerns/RoutesRequests.php(109): Laravel\\Lumen\\Application->dispatch(NULL)
#16 /var/www/html/public/index.php(28): Laravel\\Lumen\\Application->run()
#17 {main}
"} 
[2021-03-05 03:28:38] production.ERROR: explode(): Empty delimiter {"exception":"[object] (ErrorException(code: 0): explode(): Empty delimiter at /var/www/html/app/Helpers/Util.php:10)
[stacktrace]
#0 [internal function]: Laravel\\Lumen\\Application->Laravel\\Lumen\\Concerns\\{closure}(2, 'explode(): Empt...', '/var/www/html/a...', 10, Array)
#1 /var/www/html/app/Helpers/Util.php(10): explode('', 'R$ 1.899,05 \\xC3\\xA0 ...')
#2 /var/www/html/app/Services/CralwerService.php(31): App\\Helpers\\Util::formatMoneyFromString('R$ 1.899,05 \\xC3\\xA0 ...')
#3 /var/www/html/vendor/symfony/dom-crawler/Crawler.php(345): App\\Services\\CralwerService->App\\Services\\{closure}(Object(Symfony\\Component\\DomCrawler\\Crawler), 0)
#4 /var/www/html/app/Services/CralwerService.php(32): Symfony\\Component\\DomCrawler\\Crawler->each(Object(Closure))
#5 /var/www/html/app/Http/Controllers/OfferController.php(23): App\\Services\\CralwerService->getPageData('3')
#6 /var/www/html/vendor/illuminate/container/BoundMethod.php(36): App\\Http\\Controllers\\OfferController->get('3')
#7 /var/www/html/vendor/illuminate/container/Util.php(37): Illuminate\\Container\\BoundMethod::Illuminate\\Container\\{closure}()
#8 /var/www/html/vendor/illuminate/container/BoundMethod.php(93): Illuminate\\Container\\Util::unwrapIfClosure(Object(Closure))
#9 /var/www/html/vendor/illuminate/container/BoundMethod.php(37): Illuminate\\Container\\BoundMethod::callBoundMethod(Object(Laravel\\Lumen\\Application), Array, Object(Closure))
#10 /var/www/html/vendor/illuminate/container/Container.php(596): Illuminate\\Container\\BoundMethod::call(Object(Laravel\\Lumen\\Application), Array, Array, NULL)
#11 /var/www/html/vendor/laravel/lumen-framework/src/Concerns/RoutesRequests.php(386): Illuminate\\Container\\Container->call(Array, Array)
#12 /var/www/html/vendor/laravel/lumen-framework/src/Concerns/RoutesRequests.php(352): Laravel\\Lumen\\Application->callControllerCallable(Array, Array)
#13 /var/www/html/vendor/laravel/lumen-framework/src/Concerns/RoutesRequests.php(326): Laravel\\Lumen\\Application->callLumenController(Object(App\\Http\\Controllers\\OfferController), 'get', Array)
#14 /var/www/html/vendor/laravel/lumen-framework/src/Concerns/RoutesRequests.php(279): Laravel\\Lumen\\Application->callControllerAction(Array)
#15 /var/www/html/vendor/laravel/lumen-framework/src/Concerns/RoutesRequests.php(264): Laravel\\Lumen\\Application->callActionOnArrayBasedRoute(Array)
#16 /var/www/html/vendor/laravel/lumen-framework/src/Concerns/RoutesRequests.php(234): Laravel\\Lumen\\Application->handleFoundRoute(Array)
#17 /var/www/html/vendor/laravel/lumen-framework/src/Concerns/RoutesRequests.php(170): Laravel\\Lumen\\Application->handleDispatcherResponse(Array)
#18 /var/www/html/vendor/laravel/lumen-framework/src/Concerns/RoutesRequests.php(426): Laravel\\Lumen\\Application->Laravel\\Lumen\\Concerns\\{closure}(Object(Laravel\\Lumen\\Http\\Request))
#19 /var/www/html/vendor/laravel/lumen-framework/src/Concerns/RoutesRequests.php(172): Laravel\\Lumen\\Application->sendThroughPipeline(Array, Object(Closure))
#20 /var/www/html/vendor/laravel/lumen-framework/src/Concerns/RoutesRequests.php(109): Laravel\\Lumen\\Application->dispatch(NULL)
#21 /var/www/html/public/index.php(28): Laravel\\Lumen\\Application->run()
#22 {main}
"} 
[2021-03-05 03:29:37] production.ERROR: Undefined offset: 2 {"exception":"[object] (ErrorException(code: 0): Undefined offset: 2 at /var/www/html/app/Helpers/Util.php:10)
[stacktrace]
#0 /var/www/html/app/Helpers/Util.php(10): Laravel\\Lumen\\Application->Laravel\\Lumen\\Concerns\\{closure}(8, 'Undefined offse...', '/var/www/html/a...', 10, Array)
#1 /var/www/html/app/Services/CralwerService.php(31): App\\Helpers\\Util::formatMoneyFromString('R$ 1.399,00')
#2 /var/www/html/vendor/symfony/dom-crawler/Crawler.php(345): App\\Services\\CralwerService->App\\Services\\{closure}(Object(Symfony\\Component\\DomCrawler\\Crawler), 2)
#3 /var/www/html/app/Services/CralwerService.php(32): Symfony\\Component\\DomCrawler\\Crawler->each(Object(Closure))
#4 /var/www/html/app/Http/Controllers/OfferController.php(23): App\\Services\\CralwerService->getPageData('3')
#5 /var/www/html/vendor/illuminate/container/BoundMethod.php(36): App\\Http\\Controllers\\OfferController->get('3')
#6 /var/www/html/vendor/illuminate/container/Util.php(37): Illuminate\\Container\\BoundMethod::Illuminate\\Container\\{closure}()
#7 /var/www/html/vendor/illuminate/container/BoundMethod.php(93): Illuminate\\Container\\Util::unwrapIfClosure(Object(Closure))
#8 /var/www/html/vendor/illuminate/container/BoundMethod.php(37): Illuminate\\Container\\BoundMethod::callBoundMethod(Object(Laravel\\Lumen\\Application), Array, Object(Closure))
#9 /var/www/html/vendor/illuminate/container/Container.php(596): Illuminate\\Container\\BoundMethod::call(Object(Laravel\\Lumen\\Application), Array, Array, NULL)
#10 /var/www/html/vendor/laravel/lumen-framework/src/Concerns/RoutesRequests.php(386): Illuminate\\Container\\Container->call(Array, Array)
#11 /var/www/html/vendor/laravel/lumen-framework/src/Concerns/RoutesRequests.php(352): Laravel\\Lumen\\Application->callControllerCallable(Array, Array)
#12 /var/www/html/vendor/laravel/lumen-framework/src/Concerns/RoutesRequests.php(326): Laravel\\Lumen\\Application->callLumenController(Object(App\\Http\\Controllers\\OfferController), 'get', Array)
#13 /var/www/html/vendor/laravel/lumen-framework/src/Concerns/RoutesRequests.php(279): Laravel\\Lumen\\Application->callControllerAction(Array)
#14 /var/www/html/vendor/laravel/lumen-framework/src/Concerns/RoutesRequests.php(264): Laravel\\Lumen\\Application->callActionOnArrayBasedRoute(Array)
#15 /var/www/html/vendor/laravel/lumen-framework/src/Concerns/RoutesRequests.php(234): Laravel\\Lumen\\Application->handleFoundRoute(Array)
#16 /var/www/html/vendor/laravel/lumen-framework/src/Concerns/RoutesRequests.php(170): Laravel\\Lumen\\Application->handleDispatcherResponse(Array)
#17 /var/www/html/vendor/laravel/lumen-framework/src/Concerns/RoutesRequests.php(426): Laravel\\Lumen\\Application->Laravel\\Lumen\\Concerns\\{closure}(Object(Laravel\\Lumen\\Http\\Request))
#18 /var/www/html/vendor/laravel/lumen-framework/src/Concerns/RoutesRequests.php(172): Laravel\\Lumen\\Application->sendThroughPipeline(Array, Object(Closure))
#19 /var/www/html/vendor/laravel/lumen-framework/src/Concerns/RoutesRequests.php(109): Laravel\\Lumen\\Application->dispatch(NULL)
#20 /var/www/html/public/index.php(28): Laravel\\Lumen\\Application->run()
#21 {main}
"} 
[2021-03-05 03:33:11] production.ERROR: substr() expects parameter 2 to be int, string given {"exception":"[object] (ErrorException(code: 0): substr() expects parameter 2 to be int, string given at /var/www/html/app/Helpers/Util.php:10)
[stacktrace]
#0 [internal function]: Laravel\\Lumen\\Application->Laravel\\Lumen\\Concerns\\{closure}(2, 'substr() expect...', '/var/www/html/a...', 10, Array)
#1 /var/www/html/app/Helpers/Util.php(10): substr('R$ 1.899,05 \\xC3\\xA0 ...', '.', '')
#2 /var/www/html/app/Services/CralwerService.php(31): App\\Helpers\\Util::formatMoneyFromString('R$ 1.899,05 \\xC3\\xA0 ...')
#3 /var/www/html/vendor/symfony/dom-crawler/Crawler.php(345): App\\Services\\CralwerService->App\\Services\\{closure}(Object(Symfony\\Component\\DomCrawler\\Crawler), 0)
#4 /var/www/html/app/Services/CralwerService.php(32): Symfony\\Component\\DomCrawler\\Crawler->each(Object(Closure))
#5 /var/www/html/app/Http/Controllers/OfferController.php(23): App\\Services\\CralwerService->getPageData('3')
#6 /var/www/html/vendor/illuminate/container/BoundMethod.php(36): App\\Http\\Controllers\\OfferController->get('3')
#7 /var/www/html/vendor/illuminate/container/Util.php(37): Illuminate\\Container\\BoundMethod::Illuminate\\Container\\{closure}()
#8 /var/www/html/vendor/illuminate/container/BoundMethod.php(93): Illuminate\\Container\\Util::unwrapIfClosure(Object(Closure))
#9 /var/www/html/vendor/illuminate/container/BoundMethod.php(37): Illuminate\\Container\\BoundMethod::callBoundMethod(Object(Laravel\\Lumen\\Application), Array, Object(Closure))
#10 /var/www/html/vendor/illuminate/container/Container.php(596): Illuminate\\Container\\BoundMethod::call(Object(Laravel\\Lumen\\Application), Array, Array, NULL)
#11 /var/www/html/vendor/laravel/lumen-framework/src/Concerns/RoutesRequests.php(386): Illuminate\\Container\\Container->call(Array, Array)
#12 /var/www/html/vendor/laravel/lumen-framework/src/Concerns/RoutesRequests.php(352): Laravel\\Lumen\\Application->callControllerCallable(Array, Array)
#13 /var/www/html/vendor/laravel/lumen-framework/src/Concerns/RoutesRequests.php(326): Laravel\\Lumen\\Application->callLumenController(Object(App\\Http\\Controllers\\OfferController), 'get', Array)
#14 /var/www/html/vendor/laravel/lumen-framework/src/Concerns/RoutesRequests.php(279): Laravel\\Lumen\\Application->callControllerAction(Array)
#15 /var/www/html/vendor/laravel/lumen-framework/src/Concerns/RoutesRequests.php(264): Laravel\\Lumen\\Application->callActionOnArrayBasedRoute(Array)
#16 /var/www/html/vendor/laravel/lumen-framework/src/Concerns/RoutesRequests.php(234): Laravel\\Lumen\\Application->handleFoundRoute(Array)
#17 /var/www/html/vendor/laravel/lumen-framework/src/Concerns/RoutesRequests.php(170): Laravel\\Lumen\\Application->handleDispatcherResponse(Array)
#18 /var/www/html/vendor/laravel/lumen-framework/src/Concerns/RoutesRequests.php(426): Laravel\\Lumen\\Application->Laravel\\Lumen\\Concerns\\{closure}(Object(Laravel\\Lumen\\Http\\Request))
#19 /var/www/html/vendor/laravel/lumen-framework/src/Concerns/RoutesRequests.php(172): Laravel\\Lumen\\Application->sendThroughPipeline(Array, Object(Closure))
#20 /var/www/html/vendor/laravel/lumen-framework/src/Concerns/RoutesRequests.php(109): Laravel\\Lumen\\Application->dispatch(NULL)
#21 /var/www/html/public/index.php(28): Laravel\\Lumen\\Application->run()
#22 {main}
"} 
[2021-03-05 03:37:08] production.ERROR: floatval() expects exactly 1 parameter, 2 given {"exception":"[object] (ErrorException(code: 0): floatval() expects exactly 1 parameter, 2 given at /var/www/html/app/Helpers/Util.php:12)
[stacktrace]
#0 [internal function]: Laravel\\Lumen\\Application->Laravel\\Lumen\\Concerns\\{closure}(2, 'floatval() expe...', '/var/www/html/a...', 12, Array)
#1 /var/www/html/app/Helpers/Util.php(12): floatval('1899.05', 2)
#2 /var/www/html/app/Services/CralwerService.php(31): App\\Helpers\\Util::formatMoneyFromString('R$ 1.899,05 \\xC3\\xA0 ...')
#3 /var/www/html/vendor/symfony/dom-crawler/Crawler.php(345): App\\Services\\CralwerService->App\\Services\\{closure}(Object(Symfony\\Component\\DomCrawler\\Crawler), 0)
#4 /var/www/html/app/Services/CralwerService.php(32): Symfony\\Component\\DomCrawler\\Crawler->each(Object(Closure))
#5 /var/www/html/app/Http/Controllers/OfferController.php(23): App\\Services\\CralwerService->getPageData('3')
#6 /var/www/html/vendor/illuminate/container/BoundMethod.php(36): App\\Http\\Controllers\\OfferController->get('3')
#7 /var/www/html/vendor/illuminate/container/Util.php(37): Illuminate\\Container\\BoundMethod::Illuminate\\Container\\{closure}()
#8 /var/www/html/vendor/illuminate/container/BoundMethod.php(93): Illuminate\\Container\\Util::unwrapIfClosure(Object(Closure))
#9 /var/www/html/vendor/illuminate/container/BoundMethod.php(37): Illuminate\\Container\\BoundMethod::callBoundMethod(Object(Laravel\\Lumen\\Application), Array, Object(Closure))
#10 /var/www/html/vendor/illuminate/container/Container.php(596): Illuminate\\Container\\BoundMethod::call(Object(Laravel\\Lumen\\Application), Array, Array, NULL)
#11 /var/www/html/vendor/laravel/lumen-framework/src/Concerns/RoutesRequests.php(386): Illuminate\\Container\\Container->call(Array, Array)
#12 /var/www/html/vendor/laravel/lumen-framework/src/Concerns/RoutesRequests.php(352): Laravel\\Lumen\\Application->callControllerCallable(Array, Array)
#13 /var/www/html/vendor/laravel/lumen-framework/src/Concerns/RoutesRequests.php(326): Laravel\\Lumen\\Application->callLumenController(Object(App\\Http\\Controllers\\OfferController), 'get', Array)
#14 /var/www/html/vendor/laravel/lumen-framework/src/Concerns/RoutesRequests.php(279): Laravel\\Lumen\\Application->callControllerAction(Array)
#15 /var/www/html/vendor/laravel/lumen-framework/src/Concerns/RoutesRequests.php(264): Laravel\\Lumen\\Application->callActionOnArrayBasedRoute(Array)
#16 /var/www/html/vendor/laravel/lumen-framework/src/Concerns/RoutesRequests.php(234): Laravel\\Lumen\\Application->handleFoundRoute(Array)
#17 /var/www/html/vendor/laravel/lumen-framework/src/Concerns/RoutesRequests.php(170): Laravel\\Lumen\\Application->handleDispatcherResponse(Array)
#18 /var/www/html/vendor/laravel/lumen-framework/src/Concerns/RoutesRequests.php(426): Laravel\\Lumen\\Application->Laravel\\Lumen\\Concerns\\{closure}(Object(Laravel\\Lumen\\Http\\Request))
#19 /var/www/html/vendor/laravel/lumen-framework/src/Concerns/RoutesRequests.php(172): Laravel\\Lumen\\Application->sendThroughPipeline(Array, Object(Closure))
#20 /var/www/html/vendor/laravel/lumen-framework/src/Concerns/RoutesRequests.php(109): Laravel\\Lumen\\Application->dispatch(NULL)
#21 /var/www/html/public/index.php(28): Laravel\\Lumen\\Application->run()
#22 {main}
"} 
[2021-03-05 03:37:11] production.ERROR: floatval() expects exactly 1 parameter, 2 given {"exception":"[object] (ErrorException(code: 0): floatval() expects exactly 1 parameter, 2 given at /var/www/html/app/Helpers/Util.php:12)
[stacktrace]
#0 [internal function]: Laravel\\Lumen\\Application->Laravel\\Lumen\\Concerns\\{closure}(2, 'floatval() expe...', '/var/www/html/a...', 12, Array)
#1 /var/www/html/app/Helpers/Util.php(12): floatval('1899.05', 2)
#2 /var/www/html/app/Services/CralwerService.php(31): App\\Helpers\\Util::formatMoneyFromString('R$ 1.899,05 \\xC3\\xA0 ...')
#3 /var/www/html/vendor/symfony/dom-crawler/Crawler.php(345): App\\Services\\CralwerService->App\\Services\\{closure}(Object(Symfony\\Component\\DomCrawler\\Crawler), 0)
#4 /var/www/html/app/Services/CralwerService.php(32): Symfony\\Component\\DomCrawler\\Crawler->each(Object(Closure))
#5 /var/www/html/app/Http/Controllers/OfferController.php(23): App\\Services\\CralwerService->getPageData('3')
#6 /var/www/html/vendor/illuminate/container/BoundMethod.php(36): App\\Http\\Controllers\\OfferController->get('3')
#7 /var/www/html/vendor/illuminate/container/Util.php(37): Illuminate\\Container\\BoundMethod::Illuminate\\Container\\{closure}()
#8 /var/www/html/vendor/illuminate/container/BoundMethod.php(93): Illuminate\\Container\\Util::unwrapIfClosure(Object(Closure))
#9 /var/www/html/vendor/illuminate/container/BoundMethod.php(37): Illuminate\\Container\\BoundMethod::callBoundMethod(Object(Laravel\\Lumen\\Application), Array, Object(Closure))
#10 /var/www/html/vendor/illuminate/container/Container.php(596): Illuminate\\Container\\BoundMethod::call(Object(Laravel\\Lumen\\Application), Array, Array, NULL)
#11 /var/www/html/vendor/laravel/lumen-framework/src/Concerns/RoutesRequests.php(386): Illuminate\\Container\\Container->call(Array, Array)
#12 /var/www/html/vendor/laravel/lumen-framework/src/Concerns/RoutesRequests.php(352): Laravel\\Lumen\\Application->callControllerCallable(Array, Array)
#13 /var/www/html/vendor/laravel/lumen-framework/src/Concerns/RoutesRequests.php(326): Laravel\\Lumen\\Application->callLumenController(Object(App\\Http\\Controllers\\OfferController), 'get', Array)
#14 /var/www/html/vendor/laravel/lumen-framework/src/Concerns/RoutesRequests.php(279): Laravel\\Lumen\\Application->callControllerAction(Array)
#15 /var/www/html/vendor/laravel/lumen-framework/src/Concerns/RoutesRequests.php(264): Laravel\\Lumen\\Application->callActionOnArrayBasedRoute(Array)
#16 /var/www/html/vendor/laravel/lumen-framework/src/Concerns/RoutesRequests.php(234): Laravel\\Lumen\\Application->handleFoundRoute(Array)
#17 /var/www/html/vendor/laravel/lumen-framework/src/Concerns/RoutesRequests.php(170): Laravel\\Lumen\\Application->handleDispatcherResponse(Array)
#18 /var/www/html/vendor/laravel/lumen-framework/src/Concerns/RoutesRequests.php(426): Laravel\\Lumen\\Application->Laravel\\Lumen\\Concerns\\{closure}(Object(Laravel\\Lumen\\Http\\Request))
#19 /var/www/html/vendor/laravel/lumen-framework/src/Concerns/RoutesRequests.php(172): Laravel\\Lumen\\Application->sendThroughPipeline(Array, Object(Closure))
#20 /var/www/html/vendor/laravel/lumen-framework/src/Concerns/RoutesRequests.php(109): Laravel\\Lumen\\Application->dispatch(NULL)
#21 /var/www/html/public/index.php(28): Laravel\\Lumen\\Application->run()
#22 {main}
"} 
[2021-03-05 03:45:44] production.ERROR: Unable to resolve dependency [Parameter #0 [ <required> $page ]] in class App\Http\Controllers\OfferController {"exception":"[object] (Illuminate\\Contracts\\Container\\BindingResolutionException(code: 0): Unable to resolve dependency [Parameter #0 [ <required> $page ]] in class App\\Http\\Controllers\\OfferController at /var/www/html/vendor/illuminate/container/BoundMethod.php:180)
[stacktrace]
#0 /var/www/html/vendor/illuminate/container/BoundMethod.php(124): Illuminate\\Container\\BoundMethod::addDependencyForCallParameter(Object(Laravel\\Lumen\\Application), Object(ReflectionParameter), Array, Array)
#1 /var/www/html/vendor/illuminate/container/BoundMethod.php(36): Illuminate\\Container\\BoundMethod::getMethodDependencies(Object(Laravel\\Lumen\\Application), Array, Array)
#2 /var/www/html/vendor/illuminate/container/Util.php(37): Illuminate\\Container\\BoundMethod::Illuminate\\Container\\{closure}()
#3 /var/www/html/vendor/illuminate/container/BoundMethod.php(93): Illuminate\\Container\\Util::unwrapIfClosure(Object(Closure))
#4 /var/www/html/vendor/illuminate/container/BoundMethod.php(37): Illuminate\\Container\\BoundMethod::callBoundMethod(Object(Laravel\\Lumen\\Application), Array, Object(Closure))
#5 /var/www/html/vendor/illuminate/container/Container.php(596): Illuminate\\Container\\BoundMethod::call(Object(Laravel\\Lumen\\Application), Array, Array, NULL)
#6 /var/www/html/vendor/laravel/lumen-framework/src/Concerns/RoutesRequests.php(386): Illuminate\\Container\\Container->call(Array, Array)
#7 /var/www/html/vendor/laravel/lumen-framework/src/Concerns/RoutesRequests.php(352): Laravel\\Lumen\\Application->callControllerCallable(Array, Array)
#8 /var/www/html/vendor/laravel/lumen-framework/src/Concerns/RoutesRequests.php(326): Laravel\\Lumen\\Application->callLumenController(Object(App\\Http\\Controllers\\OfferController), 'get', Array)
#9 /var/www/html/vendor/laravel/lumen-framework/src/Concerns/RoutesRequests.php(279): Laravel\\Lumen\\Application->callControllerAction(Array)
#10 /var/www/html/vendor/laravel/lumen-framework/src/Concerns/RoutesRequests.php(264): Laravel\\Lumen\\Application->callActionOnArrayBasedRoute(Array)
#11 /var/www/html/vendor/laravel/lumen-framework/src/Concerns/RoutesRequests.php(234): Laravel\\Lumen\\Application->handleFoundRoute(Array)
#12 /var/www/html/vendor/laravel/lumen-framework/src/Concerns/RoutesRequests.php(170): Laravel\\Lumen\\Application->handleDispatcherResponse(Array)
#13 /var/www/html/vendor/laravel/lumen-framework/src/Concerns/RoutesRequests.php(426): Laravel\\Lumen\\Application->Laravel\\Lumen\\Concerns\\{closure}(Object(Laravel\\Lumen\\Http\\Request))
#14 /var/www/html/vendor/laravel/lumen-framework/src/Concerns/RoutesRequests.php(172): Laravel\\Lumen\\Application->sendThroughPipeline(Array, Object(Closure))
#15 /var/www/html/vendor/laravel/lumen-framework/src/Concerns/RoutesRequests.php(109): Laravel\\Lumen\\Application->dispatch(NULL)
#16 /var/www/html/public/index.php(28): Laravel\\Lumen\\Application->run()
#17 {main}
"} 
[2021-03-05 03:47:03] production.ERROR: Unable to resolve dependency [Parameter #0 [ <required> $page ]] in class App\Http\Controllers\OfferController {"exception":"[object] (Illuminate\\Contracts\\Container\\BindingResolutionException(code: 0): Unable to resolve dependency [Parameter #0 [ <required> $page ]] in class App\\Http\\Controllers\\OfferController at /var/www/html/vendor/illuminate/container/BoundMethod.php:180)
[stacktrace]
#0 /var/www/html/vendor/illuminate/container/BoundMethod.php(124): Illuminate\\Container\\BoundMethod::addDependencyForCallParameter(Object(Laravel\\Lumen\\Application), Object(ReflectionParameter), Array, Array)
#1 /var/www/html/vendor/illuminate/container/BoundMethod.php(36): Illuminate\\Container\\BoundMethod::getMethodDependencies(Object(Laravel\\Lumen\\Application), Array, Array)
#2 /var/www/html/vendor/illuminate/container/Util.php(37): Illuminate\\Container\\BoundMethod::Illuminate\\Container\\{closure}()
#3 /var/www/html/vendor/illuminate/container/BoundMethod.php(93): Illuminate\\Container\\Util::unwrapIfClosure(Object(Closure))
#4 /var/www/html/vendor/illuminate/container/BoundMethod.php(37): Illuminate\\Container\\BoundMethod::callBoundMethod(Object(Laravel\\Lumen\\Application), Array, Object(Closure))
#5 /var/www/html/vendor/illuminate/container/Container.php(596): Illuminate\\Container\\BoundMethod::call(Object(Laravel\\Lumen\\Application), Array, Array, NULL)
#6 /var/www/html/vendor/laravel/lumen-framework/src/Concerns/RoutesRequests.php(386): Illuminate\\Container\\Container->call(Array, Array)
#7 /var/www/html/vendor/laravel/lumen-framework/src/Concerns/RoutesRequests.php(352): Laravel\\Lumen\\Application->callControllerCallable(Array, Array)
#8 /var/www/html/vendor/laravel/lumen-framework/src/Concerns/RoutesRequests.php(326): Laravel\\Lumen\\Application->callLumenController(Object(App\\Http\\Controllers\\OfferController), 'get', Array)
#9 /var/www/html/vendor/laravel/lumen-framework/src/Concerns/RoutesRequests.php(279): Laravel\\Lumen\\Application->callControllerAction(Array)
#10 /var/www/html/vendor/laravel/lumen-framework/src/Concerns/RoutesRequests.php(264): Laravel\\Lumen\\Application->callActionOnArrayBasedRoute(Array)
#11 /var/www/html/vendor/laravel/lumen-framework/src/Concerns/RoutesRequests.php(234): Laravel\\Lumen\\Application->handleFoundRoute(Array)
#12 /var/www/html/vendor/laravel/lumen-framework/src/Concerns/RoutesRequests.php(170): Laravel\\Lumen\\Application->handleDispatcherResponse(Array)
#13 /var/www/html/vendor/laravel/lumen-framework/src/Concerns/RoutesRequests.php(426): Laravel\\Lumen\\Application->Laravel\\Lumen\\Concerns\\{closure}(Object(Laravel\\Lumen\\Http\\Request))
#14 /var/www/html/vendor/laravel/lumen-framework/src/Concerns/RoutesRequests.php(172): Laravel\\Lumen\\Application->sendThroughPipeline(Array, Object(Closure))
#15 /var/www/html/vendor/laravel/lumen-framework/src/Concerns/RoutesRequests.php(109): Laravel\\Lumen\\Application->dispatch(NULL)
#16 /var/www/html/public/index.php(28): Laravel\\Lumen\\Application->run()
#17 {main}
"} 
[2021-03-05 03:47:15] production.ERROR: Unable to resolve dependency [Parameter #0 [ <required> $page ]] in class App\Http\Controllers\OfferController {"exception":"[object] (Illuminate\\Contracts\\Container\\BindingResolutionException(code: 0): Unable to resolve dependency [Parameter #0 [ <required> $page ]] in class App\\Http\\Controllers\\OfferController at /var/www/html/vendor/illuminate/container/BoundMethod.php:180)
[stacktrace]
#0 /var/www/html/vendor/illuminate/container/BoundMethod.php(124): Illuminate\\Container\\BoundMethod::addDependencyForCallParameter(Object(Laravel\\Lumen\\Application), Object(ReflectionParameter), Array, Array)
#1 /var/www/html/vendor/illuminate/container/BoundMethod.php(36): Illuminate\\Container\\BoundMethod::getMethodDependencies(Object(Laravel\\Lumen\\Application), Array, Array)
#2 /var/www/html/vendor/illuminate/container/Util.php(37): Illuminate\\Container\\BoundMethod::Illuminate\\Container\\{closure}()
#3 /var/www/html/vendor/illuminate/container/BoundMethod.php(93): Illuminate\\Container\\Util::unwrapIfClosure(Object(Closure))
#4 /var/www/html/vendor/illuminate/container/BoundMethod.php(37): Illuminate\\Container\\BoundMethod::callBoundMethod(Object(Laravel\\Lumen\\Application), Array, Object(Closure))
#5 /var/www/html/vendor/illuminate/container/Container.php(596): Illuminate\\Container\\BoundMethod::call(Object(Laravel\\Lumen\\Application), Array, Array, NULL)
#6 /var/www/html/vendor/laravel/lumen-framework/src/Concerns/RoutesRequests.php(386): Illuminate\\Container\\Container->call(Array, Array)
#7 /var/www/html/vendor/laravel/lumen-framework/src/Concerns/RoutesRequests.php(352): Laravel\\Lumen\\Application->callControllerCallable(Array, Array)
#8 /var/www/html/vendor/laravel/lumen-framework/src/Concerns/RoutesRequests.php(326): Laravel\\Lumen\\Application->callLumenController(Object(App\\Http\\Controllers\\OfferController), 'get', Array)
#9 /var/www/html/vendor/laravel/lumen-framework/src/Concerns/RoutesRequests.php(279): Laravel\\Lumen\\Application->callControllerAction(Array)
#10 /var/www/html/vendor/laravel/lumen-framework/src/Concerns/RoutesRequests.php(264): Laravel\\Lumen\\Application->callActionOnArrayBasedRoute(Array)
#11 /var/www/html/vendor/laravel/lumen-framework/src/Concerns/RoutesRequests.php(234): Laravel\\Lumen\\Application->handleFoundRoute(Array)
#12 /var/www/html/vendor/laravel/lumen-framework/src/Concerns/RoutesRequests.php(170): Laravel\\Lumen\\Application->handleDispatcherResponse(Array)
#13 /var/www/html/vendor/laravel/lumen-framework/src/Concerns/RoutesRequests.php(426): Laravel\\Lumen\\Application->Laravel\\Lumen\\Concerns\\{closure}(Object(Laravel\\Lumen\\Http\\Request))
#14 /var/www/html/vendor/laravel/lumen-framework/src/Concerns/RoutesRequests.php(172): Laravel\\Lumen\\Application->sendThroughPipeline(Array, Object(Closure))
#15 /var/www/html/vendor/laravel/lumen-framework/src/Concerns/RoutesRequests.php(109): Laravel\\Lumen\\Application->dispatch(NULL)
#16 /var/www/html/public/index.php(28): Laravel\\Lumen\\Application->run()
#17 {main}
"} 
[2021-03-05 03:59:14] production.ERROR: Unable to resolve dependency [Parameter #0 [ <required> $page ]] in class App\Http\Controllers\OfferController {"exception":"[object] (Illuminate\\Contracts\\Container\\BindingResolutionException(code: 0): Unable to resolve dependency [Parameter #0 [ <required> $page ]] in class App\\Http\\Controllers\\OfferController at /var/www/html/vendor/illuminate/container/BoundMethod.php:180)
[stacktrace]
#0 /var/www/html/vendor/illuminate/container/BoundMethod.php(124): Illuminate\\Container\\BoundMethod::addDependencyForCallParameter(Object(Laravel\\Lumen\\Application), Object(ReflectionParameter), Array, Array)
#1 /var/www/html/vendor/illuminate/container/BoundMethod.php(36): Illuminate\\Container\\BoundMethod::getMethodDependencies(Object(Laravel\\Lumen\\Application), Array, Array)
#2 /var/www/html/vendor/illuminate/container/Util.php(37): Illuminate\\Container\\BoundMethod::Illuminate\\Container\\{closure}()
#3 /var/www/html/vendor/illuminate/container/BoundMethod.php(93): Illuminate\\Container\\Util::unwrapIfClosure(Object(Closure))
#4 /var/www/html/vendor/illuminate/container/BoundMethod.php(37): Illuminate\\Container\\BoundMethod::callBoundMethod(Object(Laravel\\Lumen\\Application), Array, Object(Closure))
#5 /var/www/html/vendor/illuminate/container/Container.php(596): Illuminate\\Container\\BoundMethod::call(Object(Laravel\\Lumen\\Application), Array, Array, NULL)
#6 /var/www/html/vendor/laravel/lumen-framework/src/Concerns/RoutesRequests.php(386): Illuminate\\Container\\Container->call(Array, Array)
#7 /var/www/html/vendor/laravel/lumen-framework/src/Concerns/RoutesRequests.php(352): Laravel\\Lumen\\Application->callControllerCallable(Array, Array)
#8 /var/www/html/vendor/laravel/lumen-framework/src/Concerns/RoutesRequests.php(326): Laravel\\Lumen\\Application->callLumenController(Object(App\\Http\\Controllers\\OfferController), 'get', Array)
#9 /var/www/html/vendor/laravel/lumen-framework/src/Concerns/RoutesRequests.php(279): Laravel\\Lumen\\Application->callControllerAction(Array)
#10 /var/www/html/vendor/laravel/lumen-framework/src/Concerns/RoutesRequests.php(264): Laravel\\Lumen\\Application->callActionOnArrayBasedRoute(Array)
#11 /var/www/html/vendor/laravel/lumen-framework/src/Concerns/RoutesRequests.php(234): Laravel\\Lumen\\Application->handleFoundRoute(Array)
#12 /var/www/html/vendor/laravel/lumen-framework/src/Concerns/RoutesRequests.php(170): Laravel\\Lumen\\Application->handleDispatcherResponse(Array)
#13 /var/www/html/vendor/laravel/lumen-framework/src/Concerns/RoutesRequests.php(426): Laravel\\Lumen\\Application->Laravel\\Lumen\\Concerns\\{closure}(Object(Laravel\\Lumen\\Http\\Request))
#14 /var/www/html/vendor/laravel/lumen-framework/src/Concerns/RoutesRequests.php(172): Laravel\\Lumen\\Application->sendThroughPipeline(Array, Object(Closure))
#15 /var/www/html/vendor/laravel/lumen-framework/src/Concerns/RoutesRequests.php(109): Laravel\\Lumen\\Application->dispatch(NULL)
#16 /var/www/html/public/index.php(28): Laravel\\Lumen\\Application->run()
#17 {main}
"} 
[2021-03-05 03:59:23] production.ERROR: Unable to resolve dependency [Parameter #0 [ <required> $page ]] in class App\Http\Controllers\OfferController {"exception":"[object] (Illuminate\\Contracts\\Container\\BindingResolutionException(code: 0): Unable to resolve dependency [Parameter #0 [ <required> $page ]] in class App\\Http\\Controllers\\OfferController at /var/www/html/vendor/illuminate/container/BoundMethod.php:180)
[stacktrace]
#0 /var/www/html/vendor/illuminate/container/BoundMethod.php(124): Illuminate\\Container\\BoundMethod::addDependencyForCallParameter(Object(Laravel\\Lumen\\Application), Object(ReflectionParameter), Array, Array)
#1 /var/www/html/vendor/illuminate/container/BoundMethod.php(36): Illuminate\\Container\\BoundMethod::getMethodDependencies(Object(Laravel\\Lumen\\Application), Array, Array)
#2 /var/www/html/vendor/illuminate/container/Util.php(37): Illuminate\\Container\\BoundMethod::Illuminate\\Container\\{closure}()
#3 /var/www/html/vendor/illuminate/container/BoundMethod.php(93): Illuminate\\Container\\Util::unwrapIfClosure(Object(Closure))
#4 /var/www/html/vendor/illuminate/container/BoundMethod.php(37): Illuminate\\Container\\BoundMethod::callBoundMethod(Object(Laravel\\Lumen\\Application), Array, Object(Closure))
#5 /var/www/html/vendor/illuminate/container/Container.php(596): Illuminate\\Container\\BoundMethod::call(Object(Laravel\\Lumen\\Application), Array, Array, NULL)
#6 /var/www/html/vendor/laravel/lumen-framework/src/Concerns/RoutesRequests.php(386): Illuminate\\Container\\Container->call(Array, Array)
#7 /var/www/html/vendor/laravel/lumen-framework/src/Concerns/RoutesRequests.php(352): Laravel\\Lumen\\Application->callControllerCallable(Array, Array)
#8 /var/www/html/vendor/laravel/lumen-framework/src/Concerns/RoutesRequests.php(326): Laravel\\Lumen\\Application->callLumenController(Object(App\\Http\\Controllers\\OfferController), 'get', Array)
#9 /var/www/html/vendor/laravel/lumen-framework/src/Concerns/RoutesRequests.php(279): Laravel\\Lumen\\Application->callControllerAction(Array)
#10 /var/www/html/vendor/laravel/lumen-framework/src/Concerns/RoutesRequests.php(264): Laravel\\Lumen\\Application->callActionOnArrayBasedRoute(Array)
#11 /var/www/html/vendor/laravel/lumen-framework/src/Concerns/RoutesRequests.php(234): Laravel\\Lumen\\Application->handleFoundRoute(Array)
#12 /var/www/html/vendor/laravel/lumen-framework/src/Concerns/RoutesRequests.php(170): Laravel\\Lumen\\Application->handleDispatcherResponse(Array)
#13 /var/www/html/vendor/laravel/lumen-framework/src/Concerns/RoutesRequests.php(426): Laravel\\Lumen\\Application->Laravel\\Lumen\\Concerns\\{closure}(Object(Laravel\\Lumen\\Http\\Request))
#14 /var/www/html/vendor/laravel/lumen-framework/src/Concerns/RoutesRequests.php(172): Laravel\\Lumen\\Application->sendThroughPipeline(Array, Object(Closure))
#15 /var/www/html/vendor/laravel/lumen-framework/src/Concerns/RoutesRequests.php(109): Laravel\\Lumen\\Application->dispatch(NULL)
#16 /var/www/html/public/index.php(28): Laravel\\Lumen\\Application->run()
#17 {main}
"} 
[2021-03-05 04:01:35] production.ERROR: Argument 1 passed to Laravel\Lumen\Routing\Router::group() must be of the type array, string given, called in /var/www/html/routes/web.php on line 15 {"exception":"[object] (TypeError(code: 0): Argument 1 passed to Laravel\\Lumen\\Routing\\Router::group() must be of the type array, string given, called in /var/www/html/routes/web.php on line 15 at /var/www/html/vendor/laravel/lumen-framework/src/Routing/Router.php:54)
[stacktrace]
#0 /var/www/html/routes/web.php(15): Laravel\\Lumen\\Routing\\Router->group('offer[/{page}]', 'OfferController...')
#1 /var/www/html/bootstrap/app.php(115): require('/var/www/html/r...')
#2 [internal function]: {closure}(Object(Laravel\\Lumen\\Routing\\Router))
#3 /var/www/html/vendor/laravel/lumen-framework/src/Routing/Router.php(62): call_user_func(Object(Closure), Object(Laravel\\Lumen\\Routing\\Router))
#4 /var/www/html/bootstrap/app.php(116): Laravel\\Lumen\\Routing\\Router->group(Array, Object(Closure))
#5 /var/www/html/public/index.php(14): require('/var/www/html/b...')
#6 {main}
"} 
[2021-03-05 04:01:53] production.ERROR: Unable to resolve dependency [Parameter #0 [ <required> $page ]] in class App\Http\Controllers\OfferController {"exception":"[object] (Illuminate\\Contracts\\Container\\BindingResolutionException(code: 0): Unable to resolve dependency [Parameter #0 [ <required> $page ]] in class App\\Http\\Controllers\\OfferController at /var/www/html/vendor/illuminate/container/BoundMethod.php:180)
[stacktrace]
#0 /var/www/html/vendor/illuminate/container/BoundMethod.php(124): Illuminate\\Container\\BoundMethod::addDependencyForCallParameter(Object(Laravel\\Lumen\\Application), Object(ReflectionParameter), Array, Array)
#1 /var/www/html/vendor/illuminate/container/BoundMethod.php(36): Illuminate\\Container\\BoundMethod::getMethodDependencies(Object(Laravel\\Lumen\\Application), Array, Array)
#2 /var/www/html/vendor/illuminate/container/Util.php(37): Illuminate\\Container\\BoundMethod::Illuminate\\Container\\{closure}()
#3 /var/www/html/vendor/illuminate/container/BoundMethod.php(93): Illuminate\\Container\\Util::unwrapIfClosure(Object(Closure))
#4 /var/www/html/vendor/illuminate/container/BoundMethod.php(37): Illuminate\\Container\\BoundMethod::callBoundMethod(Object(Laravel\\Lumen\\Application), Array, Object(Closure))
#5 /var/www/html/vendor/illuminate/container/Container.php(596): Illuminate\\Container\\BoundMethod::call(Object(Laravel\\Lumen\\Application), Array, Array, NULL)
#6 /var/www/html/vendor/laravel/lumen-framework/src/Concerns/RoutesRequests.php(386): Illuminate\\Container\\Container->call(Array, Array)
#7 /var/www/html/vendor/laravel/lumen-framework/src/Concerns/RoutesRequests.php(352): Laravel\\Lumen\\Application->callControllerCallable(Array, Array)
#8 /var/www/html/vendor/laravel/lumen-framework/src/Concerns/RoutesRequests.php(326): Laravel\\Lumen\\Application->callLumenController(Object(App\\Http\\Controllers\\OfferController), 'get', Array)
#9 /var/www/html/vendor/laravel/lumen-framework/src/Concerns/RoutesRequests.php(279): Laravel\\Lumen\\Application->callControllerAction(Array)
#10 /var/www/html/vendor/laravel/lumen-framework/src/Concerns/RoutesRequests.php(264): Laravel\\Lumen\\Application->callActionOnArrayBasedRoute(Array)
#11 /var/www/html/vendor/laravel/lumen-framework/src/Concerns/RoutesRequests.php(234): Laravel\\Lumen\\Application->handleFoundRoute(Array)
#12 /var/www/html/vendor/laravel/lumen-framework/src/Concerns/RoutesRequests.php(170): Laravel\\Lumen\\Application->handleDispatcherResponse(Array)
#13 /var/www/html/vendor/laravel/lumen-framework/src/Concerns/RoutesRequests.php(426): Laravel\\Lumen\\Application->Laravel\\Lumen\\Concerns\\{closure}(Object(Laravel\\Lumen\\Http\\Request))
#14 /var/www/html/vendor/laravel/lumen-framework/src/Concerns/RoutesRequests.php(172): Laravel\\Lumen\\Application->sendThroughPipeline(Array, Object(Closure))
#15 /var/www/html/vendor/laravel/lumen-framework/src/Concerns/RoutesRequests.php(109): Laravel\\Lumen\\Application->dispatch(NULL)
#16 /var/www/html/public/index.php(28): Laravel\\Lumen\\Application->run()
#17 {main}
"} 
[2021-03-05 04:12:55] production.ERROR: array_combine(): Both parameters should have an equal number of elements {"exception":"[object] (ErrorException(code: 0): array_combine(): Both parameters should have an equal number of elements at /var/www/html/app/Services/CralwerService.php:35)
[stacktrace]
#0 [internal function]: Laravel\\Lumen\\Application->Laravel\\Lumen\\Concerns\\{closure}(2, 'array_combine()...', '/var/www/html/a...', 35, Array)
#1 /var/www/html/app/Services/CralwerService.php(35): array_combine(Array, Array)
#2 /var/www/html/app/Http/Controllers/OfferController.php(22): App\\Services\\CralwerService->getPageData('2')
#3 /var/www/html/vendor/illuminate/container/BoundMethod.php(36): App\\Http\\Controllers\\OfferController->get('2')
#4 /var/www/html/vendor/illuminate/container/Util.php(37): Illuminate\\Container\\BoundMethod::Illuminate\\Container\\{closure}()
#5 /var/www/html/vendor/illuminate/container/BoundMethod.php(93): Illuminate\\Container\\Util::unwrapIfClosure(Object(Closure))
#6 /var/www/html/vendor/illuminate/container/BoundMethod.php(37): Illuminate\\Container\\BoundMethod::callBoundMethod(Object(Laravel\\Lumen\\Application), Array, Object(Closure))
#7 /var/www/html/vendor/illuminate/container/Container.php(596): Illuminate\\Container\\BoundMethod::call(Object(Laravel\\Lumen\\Application), Array, Array, NULL)
#8 /var/www/html/vendor/laravel/lumen-framework/src/Concerns/RoutesRequests.php(386): Illuminate\\Container\\Container->call(Array, Array)
#9 /var/www/html/vendor/laravel/lumen-framework/src/Concerns/RoutesRequests.php(352): Laravel\\Lumen\\Application->callControllerCallable(Array, Array)
#10 /var/www/html/vendor/laravel/lumen-framework/src/Concerns/RoutesRequests.php(326): Laravel\\Lumen\\Application->callLumenController(Object(App\\Http\\Controllers\\OfferController), 'get', Array)
#11 /var/www/html/vendor/laravel/lumen-framework/src/Concerns/RoutesRequests.php(279): Laravel\\Lumen\\Application->callControllerAction(Array)
#12 /var/www/html/vendor/laravel/lumen-framework/src/Concerns/RoutesRequests.php(264): Laravel\\Lumen\\Application->callActionOnArrayBasedRoute(Array)
#13 /var/www/html/vendor/laravel/lumen-framework/src/Concerns/RoutesRequests.php(234): Laravel\\Lumen\\Application->handleFoundRoute(Array)
#14 /var/www/html/vendor/laravel/lumen-framework/src/Concerns/RoutesRequests.php(170): Laravel\\Lumen\\Application->handleDispatcherResponse(Array)
#15 /var/www/html/vendor/laravel/lumen-framework/src/Concerns/RoutesRequests.php(426): Laravel\\Lumen\\Application->Laravel\\Lumen\\Concerns\\{closure}(Object(Laravel\\Lumen\\Http\\Request))
#16 /var/www/html/vendor/laravel/lumen-framework/src/Concerns/RoutesRequests.php(172): Laravel\\Lumen\\Application->sendThroughPipeline(Array, Object(Closure))
#17 /var/www/html/vendor/laravel/lumen-framework/src/Concerns/RoutesRequests.php(109): Laravel\\Lumen\\Application->dispatch(NULL)
#18 /var/www/html/public/index.php(28): Laravel\\Lumen\\Application->run()
#19 {main}
"} 
